2017-09-11 08:39:17,977 Resistor Picture Generator
--------------------------------
Created by Dominic Gaiero, Josiah Pang, and Russell Caletena for the CP IEEE SB website
--------------------------------

2017-09-11 08:39:17,977 Log File located at: C:\Users\Dominic Gaiero\Documents\projects\Resistor-Band-Picture-Creator\logs\CPIEEE_RESISTOR_1505144357.log
2017-09-11 08:39:28,775 CSV Location: C:/Users/Dominic Gaiero/Documents/projects/Resistor-Band-Picture-Creator/exampleValMore.csv
2017-09-11 08:39:28,779 |     Value| Tolerence|  numBands|
2017-09-11 08:39:28,779 |       0.5|         5|         4|
2017-09-11 08:39:28,843 --------------------------------

2017-09-11 08:39:38,941 Directory Location: C:/Users/Dominic Gaiero/Documents/projects/Resistor-Band-Picture-Creator/imageExport
2017-09-11 08:39:46,835 --------------------------------
Generated data for:
2017-09-11 08:39:46,835 |   Value|Tolerence|  Band 1|  Band 2|  Band 3|  Band 4|  Band 5|
2017-09-11 08:39:46,839 |     0.5|       4%|   green|   black|  silver|    gold|    none|
2017-09-11 08:39:48,155 Wrote file: C:/Users/Dominic Gaiero/Documents/projects/Resistor-Band-Picture-Creator/imageExport/res_0.5.gif
2017-09-11 08:39:48,155 --------------------------------
Generated data for:
2017-09-11 08:39:48,155 |   Value|Tolerence|  Band 1|  Band 2|  Band 3|  Band 4|  Band 5|
2017-09-11 08:39:48,155 |       1|       5%|   brown|   black|   black|  silver|    gold|
2017-09-11 08:39:49,327 Wrote file: C:/Users/Dominic Gaiero/Documents/projects/Resistor-Band-Picture-Creator/imageExport/res_1.gif
2017-09-11 08:39:49,327 --------------------------------
Generated data for:
2017-09-11 08:39:49,327 |   Value|Tolerence|  Band 1|  Band 2|  Band 3|  Band 4|  Band 5|
2017-09-11 08:39:49,331 |     1.1|       5%|   brown|   brown|   black|  silver|    gold|
2017-09-11 08:39:50,572 Wrote file: C:/Users/Dominic Gaiero/Documents/projects/Resistor-Band-Picture-Creator/imageExport/res_1.1.gif
2017-09-11 08:39:50,572 --------------------------------
Generated data for:
2017-09-11 08:39:50,572 |   Value|Tolerence|  Band 1|  Band 2|  Band 3|  Band 4|  Band 5|
2017-09-11 08:39:50,572 |     1.2|       5%|   brown|     red|   black|  silver|    gold|
2017-09-11 08:39:51,798 Wrote file: C:/Users/Dominic Gaiero/Documents/projects/Resistor-Band-Picture-Creator/imageExport/res_1.2.gif
2017-09-11 08:39:51,799 --------------------------------
Generated data for:
2017-09-11 08:39:51,799 |   Value|Tolerence|  Band 1|  Band 2|  Band 3|  Band 4|  Band 5|
2017-09-11 08:39:51,800 |     1.3|       5%|   brown|  orange|   black|  silver|    gold|
2017-09-11 08:39:53,088 Wrote file: C:/Users/Dominic Gaiero/Documents/projects/Resistor-Band-Picture-Creator/imageExport/res_1.3.gif
2017-09-11 08:39:53,088 --------------------------------
Generated data for:
2017-09-11 08:39:53,089 |   Value|Tolerence|  Band 1|  Band 2|  Band 3|  Band 4|  Band 5|
2017-09-11 08:39:53,089 |     1.5|       5%|   brown|   green|   black|  silver|    gold|
2017-09-11 08:39:54,274 Wrote file: C:/Users/Dominic Gaiero/Documents/projects/Resistor-Band-Picture-Creator/imageExport/res_1.5.gif
2017-09-11 08:39:54,274 --------------------------------
Generated data for:
2017-09-11 08:39:54,274 |   Value|Tolerence|  Band 1|  Band 2|  Band 3|  Band 4|  Band 5|
2017-09-11 08:39:54,278 |     1.6|       5%|   brown|    blue|   black|  silver|    gold|
2017-09-11 08:39:55,486 Wrote file: C:/Users/Dominic Gaiero/Documents/projects/Resistor-Band-Picture-Creator/imageExport/res_1.6.gif
2017-09-11 08:39:55,486 --------------------------------
Generated data for:
2017-09-11 08:39:55,486 |   Value|Tolerence|  Band 1|  Band 2|  Band 3|  Band 4|  Band 5|
2017-09-11 08:39:55,486 |     1.8|       5%|   brown|    grey|   black|  silver|    gold|
2017-09-11 08:39:56,726 Wrote file: C:/Users/Dominic Gaiero/Documents/projects/Resistor-Band-Picture-Creator/imageExport/res_1.8.gif
2017-09-11 08:39:56,726 --------------------------------
Generated data for:
2017-09-11 08:39:56,726 |   Value|Tolerence|  Band 1|  Band 2|  Band 3|  Band 4|  Band 5|
2017-09-11 08:39:56,726 |       2|       5%|     red|   black|   black|  silver|    gold|
2017-09-11 08:39:57,921 Wrote file: C:/Users/Dominic Gaiero/Documents/projects/Resistor-Band-Picture-Creator/imageExport/res_2.gif
2017-09-11 08:39:57,921 --------------------------------
Generated data for:
2017-09-11 08:39:57,921 |   Value|Tolerence|  Band 1|  Band 2|  Band 3|  Band 4|  Band 5|
2017-09-11 08:39:57,921 |     2.2|       5%|     red|     red|   black|  silver|    gold|
2017-09-11 08:39:59,169 Wrote file: C:/Users/Dominic Gaiero/Documents/projects/Resistor-Band-Picture-Creator/imageExport/res_2.2.gif
2017-09-11 08:39:59,169 --------------------------------
Generated data for:
2017-09-11 08:39:59,169 |   Value|Tolerence|  Band 1|  Band 2|  Band 3|  Band 4|  Band 5|
2017-09-11 08:39:59,173 |     2.4|       5%|     red|  yellow|   black|  silver|    gold|
2017-09-11 08:40:00,529 Wrote file: C:/Users/Dominic Gaiero/Documents/projects/Resistor-Band-Picture-Creator/imageExport/res_2.4.gif
2017-09-11 08:40:00,529 --------------------------------
Generated data for:
2017-09-11 08:40:00,529 |   Value|Tolerence|  Band 1|  Band 2|  Band 3|  Band 4|  Band 5|
2017-09-11 08:40:00,533 |     2.7|       5%|     red|  violet|   black|  silver|    gold|
2017-09-11 08:40:02,261 Wrote file: C:/Users/Dominic Gaiero/Documents/projects/Resistor-Band-Picture-Creator/imageExport/res_2.7.gif
2017-09-11 08:40:02,261 --------------------------------
Generated data for:
2017-09-11 08:40:02,261 |   Value|Tolerence|  Band 1|  Band 2|  Band 3|  Band 4|  Band 5|
2017-09-11 08:40:02,261 |       3|       5%|  orange|   black|   black|  silver|    gold|
2017-09-11 08:40:03,553 Wrote file: C:/Users/Dominic Gaiero/Documents/projects/Resistor-Band-Picture-Creator/imageExport/res_3.gif
2017-09-11 08:40:03,557 --------------------------------
Generated data for:
2017-09-11 08:40:03,557 |   Value|Tolerence|  Band 1|  Band 2|  Band 3|  Band 4|  Band 5|
2017-09-11 08:40:03,557 |     3.3|       5%|  orange|  orange|   black|  silver|    gold|
2017-09-11 08:40:04,905 Wrote file: C:/Users/Dominic Gaiero/Documents/projects/Resistor-Band-Picture-Creator/imageExport/res_3.3.gif
2017-09-11 08:40:04,909 --------------------------------
Generated data for:
2017-09-11 08:40:04,909 |   Value|Tolerence|  Band 1|  Band 2|  Band 3|  Band 4|  Band 5|
2017-09-11 08:40:04,909 |     3.6|       5%|  orange|    blue|   black|  silver|    gold|
2017-09-11 08:40:06,574 Wrote file: C:/Users/Dominic Gaiero/Documents/projects/Resistor-Band-Picture-Creator/imageExport/res_3.6.gif
2017-09-11 08:40:06,574 --------------------------------
Generated data for:
2017-09-11 08:40:06,574 |   Value|Tolerence|  Band 1|  Band 2|  Band 3|  Band 4|  Band 5|
2017-09-11 08:40:06,574 |     3.9|       5%|  orange|   white|   black|  silver|    gold|
2017-09-11 08:40:07,962 Wrote file: C:/Users/Dominic Gaiero/Documents/projects/Resistor-Band-Picture-Creator/imageExport/res_3.9.gif
2017-09-11 08:40:07,962 --------------------------------
Generated data for:
2017-09-11 08:40:07,962 |   Value|Tolerence|  Band 1|  Band 2|  Band 3|  Band 4|  Band 5|
2017-09-11 08:40:07,962 |     4.3|       5%|  yellow|  orange|   black|  silver|    gold|
2017-09-11 08:40:09,302 Wrote file: C:/Users/Dominic Gaiero/Documents/projects/Resistor-Band-Picture-Creator/imageExport/res_4.3.gif
2017-09-11 08:40:09,302 --------------------------------
Generated data for:
2017-09-11 08:40:09,302 |   Value|Tolerence|  Band 1|  Band 2|  Band 3|  Band 4|  Band 5|
2017-09-11 08:40:09,306 |     4.7|       5%|  yellow|  violet|   black|  silver|    gold|
2017-09-11 08:40:10,662 Wrote file: C:/Users/Dominic Gaiero/Documents/projects/Resistor-Band-Picture-Creator/imageExport/res_4.7.gif
2017-09-11 08:40:10,662 --------------------------------
Generated data for:
2017-09-11 08:40:10,662 |   Value|Tolerence|  Band 1|  Band 2|  Band 3|  Band 4|  Band 5|
2017-09-11 08:40:10,662 |     5.1|       5%|   green|   brown|   black|  silver|    gold|
2017-09-11 08:40:11,942 Wrote file: C:/Users/Dominic Gaiero/Documents/projects/Resistor-Band-Picture-Creator/imageExport/res_5.1.gif
2017-09-11 08:40:11,942 --------------------------------
Generated data for:
2017-09-11 08:40:11,942 |   Value|Tolerence|  Band 1|  Band 2|  Band 3|  Band 4|  Band 5|
2017-09-11 08:40:11,942 |     5.6|       5%|   green|    blue|   black|  silver|    gold|
2017-09-11 08:40:13,355 Wrote file: C:/Users/Dominic Gaiero/Documents/projects/Resistor-Band-Picture-Creator/imageExport/res_5.6.gif
2017-09-11 08:40:13,355 --------------------------------
Generated data for:
2017-09-11 08:40:13,359 |   Value|Tolerence|  Band 1|  Band 2|  Band 3|  Band 4|  Band 5|
2017-09-11 08:40:13,359 |     6.2|       5%|    blue|     red|   black|  silver|    gold|
2017-09-11 08:40:14,751 Wrote file: C:/Users/Dominic Gaiero/Documents/projects/Resistor-Band-Picture-Creator/imageExport/res_6.2.gif
2017-09-11 08:40:14,751 --------------------------------
Generated data for:
2017-09-11 08:40:14,751 |   Value|Tolerence|  Band 1|  Band 2|  Band 3|  Band 4|  Band 5|
2017-09-11 08:40:14,751 |     6.8|       5%|    blue|    grey|   black|  silver|    gold|
2017-09-11 08:40:15,975 Wrote file: C:/Users/Dominic Gaiero/Documents/projects/Resistor-Band-Picture-Creator/imageExport/res_6.8.gif
2017-09-11 08:40:15,975 --------------------------------
Generated data for:
2017-09-11 08:40:15,975 |   Value|Tolerence|  Band 1|  Band 2|  Band 3|  Band 4|  Band 5|
2017-09-11 08:40:15,975 |     7.5|       5%|  violet|   green|   black|  silver|    gold|
2017-09-11 08:40:17,331 Wrote file: C:/Users/Dominic Gaiero/Documents/projects/Resistor-Band-Picture-Creator/imageExport/res_7.5.gif
2017-09-11 08:40:17,331 --------------------------------
Generated data for:
2017-09-11 08:40:17,331 |   Value|Tolerence|  Band 1|  Band 2|  Band 3|  Band 4|  Band 5|
2017-09-11 08:40:17,335 |     8.2|       5%|    grey|     red|   black|  silver|    gold|
2017-09-11 08:40:18,551 Wrote file: C:/Users/Dominic Gaiero/Documents/projects/Resistor-Band-Picture-Creator/imageExport/res_8.2.gif
2017-09-11 08:40:18,551 --------------------------------
Generated data for:
2017-09-11 08:40:18,551 |   Value|Tolerence|  Band 1|  Band 2|  Band 3|  Band 4|  Band 5|
2017-09-11 08:40:18,551 |     8.2|       5%|    grey|     red|   black|  silver|    gold|
2017-09-11 08:40:20,219 Wrote file: C:/Users/Dominic Gaiero/Documents/projects/Resistor-Band-Picture-Creator/imageExport/res_8.2.gif
2017-09-11 08:40:20,219 --------------------------------
Generated data for:
2017-09-11 08:40:20,219 |   Value|Tolerence|  Band 1|  Band 2|  Band 3|  Band 4|  Band 5|
2017-09-11 08:40:20,219 |     9.1|       5%|   white|   brown|   black|  silver|    gold|
2017-09-11 08:40:21,532 Wrote file: C:/Users/Dominic Gaiero/Documents/projects/Resistor-Band-Picture-Creator/imageExport/res_9.1.gif
2017-09-11 08:40:21,532 --------------------------------
Generated data for:
2017-09-11 08:40:21,532 |   Value|Tolerence|  Band 1|  Band 2|  Band 3|  Band 4|  Band 5|
2017-09-11 08:40:21,532 |      10|       5%|   brown|   black|   black|    gold|    gold|
2017-09-11 08:40:22,784 Wrote file: C:/Users/Dominic Gaiero/Documents/projects/Resistor-Band-Picture-Creator/imageExport/res_10.gif
2017-09-11 08:40:22,784 --------------------------------
Generated data for:
2017-09-11 08:40:22,784 |   Value|Tolerence|  Band 1|  Band 2|  Band 3|  Band 4|  Band 5|
2017-09-11 08:40:22,788 |      10|       5%|   brown|   black|   black|    gold|    gold|
2017-09-11 08:40:24,100 Wrote file: C:/Users/Dominic Gaiero/Documents/projects/Resistor-Band-Picture-Creator/imageExport/res_10.gif
2017-09-11 08:40:24,100 --------------------------------
Generated data for:
2017-09-11 08:40:24,104 |   Value|Tolerence|  Band 1|  Band 2|  Band 3|  Band 4|  Band 5|
2017-09-11 08:40:24,104 |      11|       5%|   brown|   brown|   black|    gold|    gold|
2017-09-11 08:40:25,576 Wrote file: C:/Users/Dominic Gaiero/Documents/projects/Resistor-Band-Picture-Creator/imageExport/res_11.gif
2017-09-11 08:40:25,576 --------------------------------
Generated data for:
2017-09-11 08:40:25,576 |   Value|Tolerence|  Band 1|  Band 2|  Band 3|  Band 4|  Band 5|
2017-09-11 08:40:25,580 |      12|       5%|   brown|     red|   black|    gold|    gold|
2017-09-11 08:40:26,872 Wrote file: C:/Users/Dominic Gaiero/Documents/projects/Resistor-Band-Picture-Creator/imageExport/res_12.gif
2017-09-11 08:40:26,872 --------------------------------
Generated data for:
2017-09-11 08:40:26,872 |   Value|Tolerence|  Band 1|  Band 2|  Band 3|  Band 4|  Band 5|
2017-09-11 08:40:26,872 |      13|       5%|   brown|  orange|   black|    gold|    gold|
2017-09-11 08:40:28,024 Wrote file: C:/Users/Dominic Gaiero/Documents/projects/Resistor-Band-Picture-Creator/imageExport/res_13.gif
2017-09-11 08:40:28,024 --------------------------------
Generated data for:
2017-09-11 08:40:28,024 |   Value|Tolerence|  Band 1|  Band 2|  Band 3|  Band 4|  Band 5|
2017-09-11 08:40:28,024 |      15|       5%|   brown|   green|   black|    gold|    gold|
2017-09-11 08:40:29,357 Wrote file: C:/Users/Dominic Gaiero/Documents/projects/Resistor-Band-Picture-Creator/imageExport/res_15.gif
2017-09-11 08:40:29,357 --------------------------------
Generated data for:
2017-09-11 08:40:29,357 |   Value|Tolerence|  Band 1|  Band 2|  Band 3|  Band 4|  Band 5|
2017-09-11 08:40:29,357 |      16|       5%|   brown|    blue|   black|    gold|    gold|
2017-09-11 08:40:30,645 Wrote file: C:/Users/Dominic Gaiero/Documents/projects/Resistor-Band-Picture-Creator/imageExport/res_16.gif
2017-09-11 08:40:30,645 --------------------------------
Generated data for:
2017-09-11 08:40:30,649 |   Value|Tolerence|  Band 1|  Band 2|  Band 3|  Band 4|  Band 5|
2017-09-11 08:40:30,649 |      18|       5%|   brown|    grey|   black|    gold|    gold|
2017-09-11 08:40:32,149 Wrote file: C:/Users/Dominic Gaiero/Documents/projects/Resistor-Band-Picture-Creator/imageExport/res_18.gif
2017-09-11 08:40:32,149 --------------------------------
Generated data for:
2017-09-11 08:40:32,149 |   Value|Tolerence|  Band 1|  Band 2|  Band 3|  Band 4|  Band 5|
2017-09-11 08:40:32,149 |      20|       5%|     red|   black|   black|    gold|    gold|
2017-09-11 08:40:33,837 Wrote file: C:/Users/Dominic Gaiero/Documents/projects/Resistor-Band-Picture-Creator/imageExport/res_20.gif
2017-09-11 08:40:33,841 --------------------------------
Generated data for:
2017-09-11 08:40:33,841 |   Value|Tolerence|  Band 1|  Band 2|  Band 3|  Band 4|  Band 5|
2017-09-11 08:40:33,841 |      22|       5%|     red|     red|   black|    gold|    gold|
2017-09-11 08:40:35,185 Wrote file: C:/Users/Dominic Gaiero/Documents/projects/Resistor-Band-Picture-Creator/imageExport/res_22.gif
2017-09-11 08:40:35,185 --------------------------------
Generated data for:
2017-09-11 08:40:35,185 |   Value|Tolerence|  Band 1|  Band 2|  Band 3|  Band 4|  Band 5|
2017-09-11 08:40:35,189 |      24|       5%|     red|  yellow|   black|    gold|    gold|
2017-09-11 08:40:36,605 Wrote file: C:/Users/Dominic Gaiero/Documents/projects/Resistor-Band-Picture-Creator/imageExport/res_24.gif
2017-09-11 08:40:36,605 --------------------------------
Generated data for:
2017-09-11 08:40:36,609 |   Value|Tolerence|  Band 1|  Band 2|  Band 3|  Band 4|  Band 5|
2017-09-11 08:40:36,609 |      27|       5%|     red|  violet|   black|    gold|    gold|
2017-09-11 08:40:37,833 Wrote file: C:/Users/Dominic Gaiero/Documents/projects/Resistor-Band-Picture-Creator/imageExport/res_27.gif
2017-09-11 08:40:37,833 --------------------------------
Generated data for:
2017-09-11 08:40:37,833 |   Value|Tolerence|  Band 1|  Band 2|  Band 3|  Band 4|  Band 5|
2017-09-11 08:40:37,833 |      30|       5%|  orange|   black|   black|    gold|    gold|
2017-09-11 08:40:39,138 Wrote file: C:/Users/Dominic Gaiero/Documents/projects/Resistor-Band-Picture-Creator/imageExport/res_30.gif
2017-09-11 08:40:39,138 --------------------------------
Generated data for:
2017-09-11 08:40:39,142 |   Value|Tolerence|  Band 1|  Band 2|  Band 3|  Band 4|  Band 5|
2017-09-11 08:40:39,142 |      33|       5%|  orange|  orange|   black|    gold|    gold|
2017-09-11 08:40:40,566 Wrote file: C:/Users/Dominic Gaiero/Documents/projects/Resistor-Band-Picture-Creator/imageExport/res_33.gif
2017-09-11 08:40:40,566 --------------------------------
Generated data for:
2017-09-11 08:40:40,570 |   Value|Tolerence|  Band 1|  Band 2|  Band 3|  Band 4|  Band 5|
2017-09-11 08:40:40,570 |      39|       5%|  orange|   white|   black|    gold|    gold|
2017-09-11 08:40:41,850 Wrote file: C:/Users/Dominic Gaiero/Documents/projects/Resistor-Band-Picture-Creator/imageExport/res_39.gif
2017-09-11 08:40:41,854 --------------------------------
Generated data for:
2017-09-11 08:40:41,854 |   Value|Tolerence|  Band 1|  Band 2|  Band 3|  Band 4|  Band 5|
2017-09-11 08:40:41,854 |      43|       5%|  yellow|  orange|   black|    gold|    gold|
2017-09-11 08:40:43,350 Wrote file: C:/Users/Dominic Gaiero/Documents/projects/Resistor-Band-Picture-Creator/imageExport/res_43.gif
2017-09-11 08:40:43,350 --------------------------------
Generated data for:
2017-09-11 08:40:43,350 |   Value|Tolerence|  Band 1|  Band 2|  Band 3|  Band 4|  Band 5|
2017-09-11 08:40:43,350 |      47|       5%|  yellow|  violet|   black|    gold|    gold|
2017-09-11 08:40:44,882 Wrote file: C:/Users/Dominic Gaiero/Documents/projects/Resistor-Band-Picture-Creator/imageExport/res_47.gif
2017-09-11 08:40:44,882 --------------------------------
Generated data for:
2017-09-11 08:40:44,882 |   Value|Tolerence|  Band 1|  Band 2|  Band 3|  Band 4|  Band 5|
2017-09-11 08:40:44,882 |      47|       5%|  yellow|  violet|   black|    gold|    gold|
2017-09-11 08:40:46,615 Wrote file: C:/Users/Dominic Gaiero/Documents/projects/Resistor-Band-Picture-Creator/imageExport/res_47.gif
2017-09-11 08:40:46,615 --------------------------------
Generated data for:
2017-09-11 08:40:46,615 |   Value|Tolerence|  Band 1|  Band 2|  Band 3|  Band 4|  Band 5|
2017-09-11 08:40:46,615 |      51|       5%|   green|   brown|   black|    gold|    gold|
2017-09-11 08:40:47,947 Wrote file: C:/Users/Dominic Gaiero/Documents/projects/Resistor-Band-Picture-Creator/imageExport/res_51.gif
2017-09-11 08:40:47,947 --------------------------------
Generated data for:
2017-09-11 08:40:47,947 |   Value|Tolerence|  Band 1|  Band 2|  Band 3|  Band 4|  Band 5|
2017-09-11 08:40:47,947 |      56|       5%|   green|    blue|   black|    gold|    gold|
2017-09-11 08:40:49,419 Wrote file: C:/Users/Dominic Gaiero/Documents/projects/Resistor-Band-Picture-Creator/imageExport/res_56.gif
2017-09-11 08:40:49,419 --------------------------------
Generated data for:
2017-09-11 08:40:49,419 |   Value|Tolerence|  Band 1|  Band 2|  Band 3|  Band 4|  Band 5|
2017-09-11 08:40:49,423 |      62|       5%|    blue|     red|   black|    gold|    gold|
2017-09-11 08:40:50,603 Wrote file: C:/Users/Dominic Gaiero/Documents/projects/Resistor-Band-Picture-Creator/imageExport/res_62.gif
2017-09-11 08:40:50,603 --------------------------------
Generated data for:
2017-09-11 08:40:50,603 |   Value|Tolerence|  Band 1|  Band 2|  Band 3|  Band 4|  Band 5|
2017-09-11 08:40:50,603 |      68|       5%|    blue|    grey|   black|    gold|    gold|
2017-09-11 08:40:51,715 Wrote file: C:/Users/Dominic Gaiero/Documents/projects/Resistor-Band-Picture-Creator/imageExport/res_68.gif
2017-09-11 08:40:51,715 --------------------------------
Generated data for:
2017-09-11 08:40:51,719 |   Value|Tolerence|  Band 1|  Band 2|  Band 3|  Band 4|  Band 5|
2017-09-11 08:40:51,719 |      75|       5%|  violet|   green|   black|    gold|    gold|
2017-09-11 08:40:52,963 Wrote file: C:/Users/Dominic Gaiero/Documents/projects/Resistor-Band-Picture-Creator/imageExport/res_75.gif
2017-09-11 08:40:52,963 --------------------------------
Generated data for:
2017-09-11 08:40:52,963 |   Value|Tolerence|  Band 1|  Band 2|  Band 3|  Band 4|  Band 5|
2017-09-11 08:40:52,963 |      82|       5%|    grey|     red|   black|    gold|    gold|
2017-09-11 08:40:54,143 Wrote file: C:/Users/Dominic Gaiero/Documents/projects/Resistor-Band-Picture-Creator/imageExport/res_82.gif
2017-09-11 08:40:54,143 --------------------------------
Generated data for:
2017-09-11 08:40:54,143 |   Value|Tolerence|  Band 1|  Band 2|  Band 3|  Band 4|  Band 5|
2017-09-11 08:40:54,143 |      91|       5%|   white|   brown|   black|    gold|    gold|
2017-09-11 08:40:55,719 Wrote file: C:/Users/Dominic Gaiero/Documents/projects/Resistor-Band-Picture-Creator/imageExport/res_91.gif
2017-09-11 08:40:55,723 --------------------------------
Generated data for:
2017-09-11 08:40:55,723 |   Value|Tolerence|  Band 1|  Band 2|  Band 3|  Band 4|  Band 5|
2017-09-11 08:40:55,723 |      91|       5%|   white|   brown|   black|    gold|    gold|
2017-09-11 08:40:57,400 Wrote file: C:/Users/Dominic Gaiero/Documents/projects/Resistor-Band-Picture-Creator/imageExport/res_91.gif
2017-09-11 08:40:57,404 --------------------------------
Generated data for:
2017-09-11 08:40:57,404 |   Value|Tolerence|  Band 1|  Band 2|  Band 3|  Band 4|  Band 5|
2017-09-11 08:40:57,404 |     100|       5%|   brown|   black|   black|   black|    gold|
2017-09-11 08:40:59,076 Wrote file: C:/Users/Dominic Gaiero/Documents/projects/Resistor-Band-Picture-Creator/imageExport/res_100.gif
2017-09-11 08:40:59,076 --------------------------------
Generated data for:
2017-09-11 08:40:59,076 |   Value|Tolerence|  Band 1|  Band 2|  Band 3|  Band 4|  Band 5|
2017-09-11 08:40:59,076 |     100|       5%|   brown|   black|   black|   black|    gold|
2017-09-11 08:41:00,440 Wrote file: C:/Users/Dominic Gaiero/Documents/projects/Resistor-Band-Picture-Creator/imageExport/res_100.gif
2017-09-11 08:41:00,440 --------------------------------
Generated data for:
2017-09-11 08:41:00,440 |   Value|Tolerence|  Band 1|  Band 2|  Band 3|  Band 4|  Band 5|
2017-09-11 08:41:00,444 |     110|       5%|   brown|   brown|   black|   black|    gold|
2017-09-11 08:41:02,020 Wrote file: C:/Users/Dominic Gaiero/Documents/projects/Resistor-Band-Picture-Creator/imageExport/res_110.gif
2017-09-11 08:41:02,020 --------------------------------
Generated data for:
2017-09-11 08:41:02,020 |   Value|Tolerence|  Band 1|  Band 2|  Band 3|  Band 4|  Band 5|
2017-09-11 08:41:02,020 |     120|       5%|   brown|     red|   black|   black|    gold|
2017-09-11 08:41:03,660 Wrote file: C:/Users/Dominic Gaiero/Documents/projects/Resistor-Band-Picture-Creator/imageExport/res_120.gif
2017-09-11 08:41:03,660 --------------------------------
Generated data for:
2017-09-11 08:41:03,660 |   Value|Tolerence|  Band 1|  Band 2|  Band 3|  Band 4|  Band 5|
2017-09-11 08:41:03,664 |     130|       5%|   brown|  orange|   black|   black|    gold|
2017-09-11 08:41:04,864 Wrote file: C:/Users/Dominic Gaiero/Documents/projects/Resistor-Band-Picture-Creator/imageExport/res_130.gif
2017-09-11 08:41:04,864 --------------------------------
Generated data for:
2017-09-11 08:41:04,864 |   Value|Tolerence|  Band 1|  Band 2|  Band 3|  Band 4|  Band 5|
2017-09-11 08:41:04,864 |     150|       5%|   brown|   green|   black|   black|    gold|
2017-09-11 08:41:06,269 Wrote file: C:/Users/Dominic Gaiero/Documents/projects/Resistor-Band-Picture-Creator/imageExport/res_150.gif
2017-09-11 08:41:06,269 --------------------------------
Generated data for:
2017-09-11 08:41:06,273 |   Value|Tolerence|  Band 1|  Band 2|  Band 3|  Band 4|  Band 5|
2017-09-11 08:41:06,273 |     150|       5%|   brown|   green|   black|   black|    gold|
2017-09-11 08:41:07,937 Wrote file: C:/Users/Dominic Gaiero/Documents/projects/Resistor-Band-Picture-Creator/imageExport/res_150.gif
2017-09-11 08:41:07,937 --------------------------------
Generated data for:
2017-09-11 08:41:07,937 |   Value|Tolerence|  Band 1|  Band 2|  Band 3|  Band 4|  Band 5|
2017-09-11 08:41:07,941 |     160|       5%|   brown|    blue|   black|   black|    gold|
2017-09-11 08:41:09,161 Wrote file: C:/Users/Dominic Gaiero/Documents/projects/Resistor-Band-Picture-Creator/imageExport/res_160.gif
2017-09-11 08:41:09,161 --------------------------------
Generated data for:
2017-09-11 08:41:09,161 |   Value|Tolerence|  Band 1|  Band 2|  Band 3|  Band 4|  Band 5|
2017-09-11 08:41:09,161 |     180|       5%|   brown|    grey|   black|   black|    gold|
2017-09-11 08:41:10,645 Wrote file: C:/Users/Dominic Gaiero/Documents/projects/Resistor-Band-Picture-Creator/imageExport/res_180.gif
2017-09-11 08:41:10,649 --------------------------------
Generated data for:
2017-09-11 08:41:10,649 |   Value|Tolerence|  Band 1|  Band 2|  Band 3|  Band 4|  Band 5|
2017-09-11 08:41:10,649 |     200|       5%|     red|   black|   black|   black|    gold|
2017-09-11 08:41:11,989 Wrote file: C:/Users/Dominic Gaiero/Documents/projects/Resistor-Band-Picture-Creator/imageExport/res_200.gif
2017-09-11 08:41:11,989 --------------------------------
Generated data for:
2017-09-11 08:41:11,989 |   Value|Tolerence|  Band 1|  Band 2|  Band 3|  Band 4|  Band 5|
2017-09-11 08:41:11,989 |     220|       5%|     red|     red|   black|   black|    gold|
2017-09-11 08:41:13,298 Wrote file: C:/Users/Dominic Gaiero/Documents/projects/Resistor-Band-Picture-Creator/imageExport/res_220.gif
2017-09-11 08:41:13,298 --------------------------------
Generated data for:
2017-09-11 08:41:13,298 |   Value|Tolerence|  Band 1|  Band 2|  Band 3|  Band 4|  Band 5|
2017-09-11 08:41:13,298 |     240|       5%|     red|  yellow|   black|   black|    gold|
2017-09-11 08:41:14,662 Wrote file: C:/Users/Dominic Gaiero/Documents/projects/Resistor-Band-Picture-Creator/imageExport/res_240.gif
2017-09-11 08:41:14,662 --------------------------------
Generated data for:
2017-09-11 08:41:14,662 |   Value|Tolerence|  Band 1|  Band 2|  Band 3|  Band 4|  Band 5|
2017-09-11 08:41:14,662 |     240|       5%|     red|  yellow|   black|   black|    gold|
2017-09-11 08:41:16,518 Wrote file: C:/Users/Dominic Gaiero/Documents/projects/Resistor-Band-Picture-Creator/imageExport/res_240.gif
2017-09-11 08:41:16,518 --------------------------------
Generated data for:
2017-09-11 08:41:16,518 |   Value|Tolerence|  Band 1|  Band 2|  Band 3|  Band 4|  Band 5|
2017-09-11 08:41:16,518 |     270|       5%|     red|  violet|   black|   black|    gold|
2017-09-11 08:41:17,734 Wrote file: C:/Users/Dominic Gaiero/Documents/projects/Resistor-Band-Picture-Creator/imageExport/res_270.gif
2017-09-11 08:41:17,734 --------------------------------
Generated data for:
2017-09-11 08:41:17,734 |   Value|Tolerence|  Band 1|  Band 2|  Band 3|  Band 4|  Band 5|
2017-09-11 08:41:17,734 |     300|       5%|  orange|   black|   black|   black|    gold|
2017-09-11 08:41:19,083 Wrote file: C:/Users/Dominic Gaiero/Documents/projects/Resistor-Band-Picture-Creator/imageExport/res_300.gif
2017-09-11 08:41:19,083 --------------------------------
Generated data for:
2017-09-11 08:41:19,087 |   Value|Tolerence|  Band 1|  Band 2|  Band 3|  Band 4|  Band 5|
2017-09-11 08:41:19,087 |     330|       5%|  orange|  orange|   black|   black|    gold|
2017-09-11 08:41:20,471 Wrote file: C:/Users/Dominic Gaiero/Documents/projects/Resistor-Band-Picture-Creator/imageExport/res_330.gif
2017-09-11 08:41:20,471 --------------------------------
Generated data for:
2017-09-11 08:41:20,471 |   Value|Tolerence|  Band 1|  Band 2|  Band 3|  Band 4|  Band 5|
2017-09-11 08:41:20,471 |     360|       5%|  orange|    blue|   black|   black|    gold|
2017-09-11 08:41:22,087 Wrote file: C:/Users/Dominic Gaiero/Documents/projects/Resistor-Band-Picture-Creator/imageExport/res_360.gif
2017-09-11 08:41:22,087 --------------------------------
Generated data for:
2017-09-11 08:41:22,087 |   Value|Tolerence|  Band 1|  Band 2|  Band 3|  Band 4|  Band 5|
2017-09-11 08:41:22,087 |     390|       5%|  orange|   white|   black|   black|    gold|
2017-09-11 08:41:23,519 Wrote file: C:/Users/Dominic Gaiero/Documents/projects/Resistor-Band-Picture-Creator/imageExport/res_390.gif
2017-09-11 08:41:23,523 --------------------------------
Generated data for:
2017-09-11 08:41:23,523 |   Value|Tolerence|  Band 1|  Band 2|  Band 3|  Band 4|  Band 5|
2017-09-11 08:41:23,523 |     390|       5%|  orange|   white|   black|   black|    gold|
2017-09-11 08:41:25,576 Wrote file: C:/Users/Dominic Gaiero/Documents/projects/Resistor-Band-Picture-Creator/imageExport/res_390.gif
2017-09-11 08:41:25,576 --------------------------------
Generated data for:
2017-09-11 08:41:25,579 |   Value|Tolerence|  Band 1|  Band 2|  Band 3|  Band 4|  Band 5|
2017-09-11 08:41:25,579 |     430|       5%|  yellow|  orange|   black|   black|    gold|
2017-09-11 08:41:26,828 Wrote file: C:/Users/Dominic Gaiero/Documents/projects/Resistor-Band-Picture-Creator/imageExport/res_430.gif
2017-09-11 08:41:26,828 --------------------------------
Generated data for:
2017-09-11 08:41:26,828 |   Value|Tolerence|  Band 1|  Band 2|  Band 3|  Band 4|  Band 5|
2017-09-11 08:41:26,828 |     470|       5%|  yellow|  violet|   black|   black|    gold|
2017-09-11 08:41:28,320 Wrote file: C:/Users/Dominic Gaiero/Documents/projects/Resistor-Band-Picture-Creator/imageExport/res_470.gif
2017-09-11 08:41:28,324 --------------------------------
Generated data for:
2017-09-11 08:41:28,324 |   Value|Tolerence|  Band 1|  Band 2|  Band 3|  Band 4|  Band 5|
2017-09-11 08:41:28,324 |     510|       5%|   green|   brown|   black|   black|    gold|
2017-09-11 08:41:29,648 Wrote file: C:/Users/Dominic Gaiero/Documents/projects/Resistor-Band-Picture-Creator/imageExport/res_510.gif
2017-09-11 08:41:29,648 --------------------------------
Generated data for:
2017-09-11 08:41:29,648 |   Value|Tolerence|  Band 1|  Band 2|  Band 3|  Band 4|  Band 5|
2017-09-11 08:41:29,648 |     560|       5%|   green|    blue|   black|   black|    gold|
2017-09-11 08:41:31,564 Wrote file: C:/Users/Dominic Gaiero/Documents/projects/Resistor-Band-Picture-Creator/imageExport/res_560.gif
2017-09-11 08:41:31,564 --------------------------------
Generated data for:
2017-09-11 08:41:31,564 |   Value|Tolerence|  Band 1|  Band 2|  Band 3|  Band 4|  Band 5|
2017-09-11 08:41:31,564 |     620|       5%|    blue|     red|   black|   black|    gold|
2017-09-11 08:41:32,900 Wrote file: C:/Users/Dominic Gaiero/Documents/projects/Resistor-Band-Picture-Creator/imageExport/res_620.gif
2017-09-11 08:41:32,900 --------------------------------
Generated data for:
2017-09-11 08:41:32,900 |   Value|Tolerence|  Band 1|  Band 2|  Band 3|  Band 4|  Band 5|
2017-09-11 08:41:32,900 |     680|       5%|    blue|    grey|   black|   black|    gold|
2017-09-11 08:41:34,293 Wrote file: C:/Users/Dominic Gaiero/Documents/projects/Resistor-Band-Picture-Creator/imageExport/res_680.gif
2017-09-11 08:41:34,293 --------------------------------
Generated data for:
2017-09-11 08:41:34,297 |   Value|Tolerence|  Band 1|  Band 2|  Band 3|  Band 4|  Band 5|
2017-09-11 08:41:34,297 |     750|       5%|  violet|   green|   black|   black|    gold|
2017-09-11 08:41:35,785 Wrote file: C:/Users/Dominic Gaiero/Documents/projects/Resistor-Band-Picture-Creator/imageExport/res_750.gif
2017-09-11 08:41:35,789 --------------------------------
Generated data for:
2017-09-11 08:41:35,789 |   Value|Tolerence|  Band 1|  Band 2|  Band 3|  Band 4|  Band 5|
2017-09-11 08:41:35,789 |     820|       5%|    grey|     red|   black|   black|    gold|
2017-09-11 08:41:37,053 Wrote file: C:/Users/Dominic Gaiero/Documents/projects/Resistor-Band-Picture-Creator/imageExport/res_820.gif
2017-09-11 08:41:37,057 --------------------------------
Generated data for:
2017-09-11 08:41:37,057 |   Value|Tolerence|  Band 1|  Band 2|  Band 3|  Band 4|  Band 5|
2017-09-11 08:41:37,057 |     910|       5%|   white|   brown|   black|   black|    gold|
2017-09-11 08:41:38,305 Wrote file: C:/Users/Dominic Gaiero/Documents/projects/Resistor-Band-Picture-Creator/imageExport/res_910.gif
2017-09-11 08:41:38,305 --------------------------------
Generated data for:
2017-09-11 08:41:38,305 |   Value|Tolerence|  Band 1|  Band 2|  Band 3|  Band 4|  Band 5|
2017-09-11 08:41:38,305 |      1k|       5%|   brown|   black|   black|   brown|   brown|
2017-09-11 08:41:39,493 Wrote file: C:/Users/Dominic Gaiero/Documents/projects/Resistor-Band-Picture-Creator/imageExport/res_1k.gif
2017-09-11 08:41:39,493 --------------------------------
Generated data for:
2017-09-11 08:41:39,493 |   Value|Tolerence|  Band 1|  Band 2|  Band 3|  Band 4|  Band 5|
2017-09-11 08:41:39,493 |      1k|       5%|   brown|   black|   black|   brown|    gold|
2017-09-11 08:41:41,246 Wrote file: C:/Users/Dominic Gaiero/Documents/projects/Resistor-Band-Picture-Creator/imageExport/res_1k.gif
2017-09-11 08:41:41,246 --------------------------------
Generated data for:
2017-09-11 08:41:41,246 |   Value|Tolerence|  Band 1|  Band 2|  Band 3|  Band 4|  Band 5|
2017-09-11 08:41:41,246 |    1.1k|       5%|   brown|   brown|   black|   brown|    gold|
2017-09-11 08:41:42,454 Wrote file: C:/Users/Dominic Gaiero/Documents/projects/Resistor-Band-Picture-Creator/imageExport/res_1.1k.gif
2017-09-11 08:41:42,454 --------------------------------
Generated data for:
2017-09-11 08:41:42,454 |   Value|Tolerence|  Band 1|  Band 2|  Band 3|  Band 4|  Band 5|
2017-09-11 08:41:42,454 |    1.2k|       5%|   brown|     red|   black|   brown|    gold|
2017-09-11 08:41:43,814 Wrote file: C:/Users/Dominic Gaiero/Documents/projects/Resistor-Band-Picture-Creator/imageExport/res_1.2k.gif
2017-09-11 08:41:43,818 --------------------------------
Generated data for:
2017-09-11 08:41:43,818 |   Value|Tolerence|  Band 1|  Band 2|  Band 3|  Band 4|  Band 5|
2017-09-11 08:41:43,818 |    1.3k|       5%|   brown|  orange|   black|   brown|    gold|
2017-09-11 08:41:45,022 Wrote file: C:/Users/Dominic Gaiero/Documents/projects/Resistor-Band-Picture-Creator/imageExport/res_1.3k.gif
2017-09-11 08:41:45,022 --------------------------------
Generated data for:
2017-09-11 08:41:45,022 |   Value|Tolerence|  Band 1|  Band 2|  Band 3|  Band 4|  Band 5|
2017-09-11 08:41:45,022 |    1.5k|       5%|   brown|   green|   black|   brown|    gold|
2017-09-11 08:41:46,302 Wrote file: C:/Users/Dominic Gaiero/Documents/projects/Resistor-Band-Picture-Creator/imageExport/res_1.5k.gif
2017-09-11 08:41:46,302 --------------------------------
Generated data for:
2017-09-11 08:41:46,302 |   Value|Tolerence|  Band 1|  Band 2|  Band 3|  Band 4|  Band 5|
2017-09-11 08:41:46,302 |    1.6k|       5%|   brown|    blue|   black|   brown|    gold|
2017-09-11 08:41:47,850 Wrote file: C:/Users/Dominic Gaiero/Documents/projects/Resistor-Band-Picture-Creator/imageExport/res_1.6k.gif
2017-09-11 08:41:47,850 --------------------------------
Generated data for:
2017-09-11 08:41:47,850 |   Value|Tolerence|  Band 1|  Band 2|  Band 3|  Band 4|  Band 5|
2017-09-11 08:41:47,854 |    1.8k|       5%|   brown|    grey|   black|   brown|    gold|
2017-09-11 08:41:49,226 Wrote file: C:/Users/Dominic Gaiero/Documents/projects/Resistor-Band-Picture-Creator/imageExport/res_1.8k.gif
2017-09-11 08:41:49,226 --------------------------------
Generated data for:
2017-09-11 08:41:49,231 |   Value|Tolerence|  Band 1|  Band 2|  Band 3|  Band 4|  Band 5|
2017-09-11 08:41:49,231 |       2|       5%|     red|   black|   black|  silver|   brown|
2017-09-11 08:41:50,863 Wrote file: C:/Users/Dominic Gaiero/Documents/projects/Resistor-Band-Picture-Creator/imageExport/res_2.gif
2017-09-11 08:41:50,863 --------------------------------
Generated data for:
2017-09-11 08:41:50,867 |   Value|Tolerence|  Band 1|  Band 2|  Band 3|  Band 4|  Band 5|
2017-09-11 08:41:50,867 |    2.0k|       5%|     red|   black|   black|   brown|    gold|
2017-09-11 08:41:52,599 Wrote file: C:/Users/Dominic Gaiero/Documents/projects/Resistor-Band-Picture-Creator/imageExport/res_2.0k.gif
2017-09-11 08:41:52,599 --------------------------------
Generated data for:
2017-09-11 08:41:52,599 |   Value|Tolerence|  Band 1|  Band 2|  Band 3|  Band 4|  Band 5|
2017-09-11 08:41:52,599 |    2.2k|       5%|     red|     red|   black|   brown|    gold|
2017-09-11 08:41:53,859 Wrote file: C:/Users/Dominic Gaiero/Documents/projects/Resistor-Band-Picture-Creator/imageExport/res_2.2k.gif
2017-09-11 08:41:53,859 --------------------------------
Generated data for:
2017-09-11 08:41:53,863 |   Value|Tolerence|  Band 1|  Band 2|  Band 3|  Band 4|  Band 5|
2017-09-11 08:41:53,863 |    2.2k|       5%|     red|     red|   black|   brown|    gold|
2017-09-11 08:41:55,847 Wrote file: C:/Users/Dominic Gaiero/Documents/projects/Resistor-Band-Picture-Creator/imageExport/res_2.2k.gif
2017-09-11 08:41:55,847 --------------------------------
Generated data for:
2017-09-11 08:41:55,847 |   Value|Tolerence|  Band 1|  Band 2|  Band 3|  Band 4|  Band 5|
2017-09-11 08:41:55,847 |    2.4k|       5%|     red|  yellow|   black|   brown|    gold|
2017-09-11 08:41:57,052 Wrote file: C:/Users/Dominic Gaiero/Documents/projects/Resistor-Band-Picture-Creator/imageExport/res_2.4k.gif
2017-09-11 08:41:57,052 --------------------------------
Generated data for:
2017-09-11 08:41:57,052 |   Value|Tolerence|  Band 1|  Band 2|  Band 3|  Band 4|  Band 5|
2017-09-11 08:41:57,052 |    2.7k|       5%|     red|  violet|   black|   brown|    gold|
2017-09-11 08:41:58,612 Wrote file: C:/Users/Dominic Gaiero/Documents/projects/Resistor-Band-Picture-Creator/imageExport/res_2.7k.gif
2017-09-11 08:41:58,612 --------------------------------
Generated data for:
2017-09-11 08:41:58,612 |   Value|Tolerence|  Band 1|  Band 2|  Band 3|  Band 4|  Band 5|
2017-09-11 08:41:58,612 |    3.0k|       5%|  orange|   black|   black|   brown|    gold|
2017-09-11 08:42:00,008 Wrote file: C:/Users/Dominic Gaiero/Documents/projects/Resistor-Band-Picture-Creator/imageExport/res_3.0k.gif
2017-09-11 08:42:00,008 --------------------------------
Generated data for:
2017-09-11 08:42:00,008 |   Value|Tolerence|  Band 1|  Band 2|  Band 3|  Band 4|  Band 5|
2017-09-11 08:42:00,008 |    3.2k|       5%|  orange|     red|   black|   brown|    gold|
2017-09-11 08:42:01,248 Wrote file: C:/Users/Dominic Gaiero/Documents/projects/Resistor-Band-Picture-Creator/imageExport/res_3.2k.gif
2017-09-11 08:42:01,248 --------------------------------
Generated data for:
2017-09-11 08:42:01,248 |   Value|Tolerence|  Band 1|  Band 2|  Band 3|  Band 4|  Band 5|
2017-09-11 08:42:01,248 |    3.3k|       5%|  orange|  orange|   black|   brown|    gold|
2017-09-11 08:42:02,940 Wrote file: C:/Users/Dominic Gaiero/Documents/projects/Resistor-Band-Picture-Creator/imageExport/res_3.3k.gif
2017-09-11 08:42:02,940 --------------------------------
Generated data for:
2017-09-11 08:42:02,944 |   Value|Tolerence|  Band 1|  Band 2|  Band 3|  Band 4|  Band 5|
2017-09-11 08:42:02,944 |    3.6k|       5%|  orange|    blue|   black|   brown|    gold|
2017-09-11 08:42:04,313 Wrote file: C:/Users/Dominic Gaiero/Documents/projects/Resistor-Band-Picture-Creator/imageExport/res_3.6k.gif
2017-09-11 08:42:04,313 --------------------------------
Generated data for:
2017-09-11 08:42:04,313 |   Value|Tolerence|  Band 1|  Band 2|  Band 3|  Band 4|  Band 5|
2017-09-11 08:42:04,313 |    3.6k|       5%|  orange|    blue|   black|   brown|    gold|
2017-09-11 08:42:06,269 Wrote file: C:/Users/Dominic Gaiero/Documents/projects/Resistor-Band-Picture-Creator/imageExport/res_3.6k.gif
2017-09-11 08:42:06,269 --------------------------------
Generated data for:
2017-09-11 08:42:06,269 |   Value|Tolerence|  Band 1|  Band 2|  Band 3|  Band 4|  Band 5|
2017-09-11 08:42:06,269 |    3.9k|       5%|  orange|   white|   black|   brown|    gold|
2017-09-11 08:42:07,565 Wrote file: C:/Users/Dominic Gaiero/Documents/projects/Resistor-Band-Picture-Creator/imageExport/res_3.9k.gif
2017-09-11 08:42:07,565 --------------------------------
Generated data for:
2017-09-11 08:42:07,565 |   Value|Tolerence|  Band 1|  Band 2|  Band 3|  Band 4|  Band 5|
2017-09-11 08:42:07,569 |    4.3k|       5%|  yellow|  orange|   black|   brown|    gold|
2017-09-11 08:42:09,045 Wrote file: C:/Users/Dominic Gaiero/Documents/projects/Resistor-Band-Picture-Creator/imageExport/res_4.3k.gif
2017-09-11 08:42:09,045 --------------------------------
Generated data for:
2017-09-11 08:42:09,045 |   Value|Tolerence|  Band 1|  Band 2|  Band 3|  Band 4|  Band 5|
2017-09-11 08:42:09,045 |    4.3k|       5%|  yellow|  orange|   black|   brown|    gold|
2017-09-11 08:42:10,598 Wrote file: C:/Users/Dominic Gaiero/Documents/projects/Resistor-Band-Picture-Creator/imageExport/res_4.3k.gif
2017-09-11 08:42:10,598 --------------------------------
Generated data for:
2017-09-11 08:42:10,598 |   Value|Tolerence|  Band 1|  Band 2|  Band 3|  Band 4|  Band 5|
2017-09-11 08:42:10,598 |    4.7k|       5%|  yellow|  violet|   black|   brown|    gold|
2017-09-11 08:42:12,066 Wrote file: C:/Users/Dominic Gaiero/Documents/projects/Resistor-Band-Picture-Creator/imageExport/res_4.7k.gif
2017-09-11 08:42:12,066 --------------------------------
Generated data for:
2017-09-11 08:42:12,066 |   Value|Tolerence|  Band 1|  Band 2|  Band 3|  Band 4|  Band 5|
2017-09-11 08:42:12,066 |    5.1k|       5%|   green|   brown|   black|   brown|    gold|
2017-09-11 08:42:13,346 Wrote file: C:/Users/Dominic Gaiero/Documents/projects/Resistor-Band-Picture-Creator/imageExport/res_5.1k.gif
2017-09-11 08:42:13,346 --------------------------------
Generated data for:
2017-09-11 08:42:13,346 |   Value|Tolerence|  Band 1|  Band 2|  Band 3|  Band 4|  Band 5|
2017-09-11 08:42:13,346 |    5.6k|       5%|   green|    blue|   black|   brown|    gold|
2017-09-11 08:42:14,751 Wrote file: C:/Users/Dominic Gaiero/Documents/projects/Resistor-Band-Picture-Creator/imageExport/res_5.6k.gif
2017-09-11 08:42:14,751 --------------------------------
Generated data for:
2017-09-11 08:42:14,751 |   Value|Tolerence|  Band 1|  Band 2|  Band 3|  Band 4|  Band 5|
2017-09-11 08:42:14,751 |    6.2k|       5%|    blue|     red|   black|   brown|    gold|
2017-09-11 08:42:16,043 Wrote file: C:/Users/Dominic Gaiero/Documents/projects/Resistor-Band-Picture-Creator/imageExport/res_6.2k.gif
2017-09-11 08:42:16,047 --------------------------------
Generated data for:
2017-09-11 08:42:16,047 |   Value|Tolerence|  Band 1|  Band 2|  Band 3|  Band 4|  Band 5|
2017-09-11 08:42:16,047 |    6.8k|       5%|    blue|    grey|   black|   brown|    gold|
2017-09-11 08:42:17,611 Wrote file: C:/Users/Dominic Gaiero/Documents/projects/Resistor-Band-Picture-Creator/imageExport/res_6.8k.gif
2017-09-11 08:42:17,611 --------------------------------
Generated data for:
2017-09-11 08:42:17,611 |   Value|Tolerence|  Band 1|  Band 2|  Band 3|  Band 4|  Band 5|
2017-09-11 08:42:17,611 |    7.5k|       5%|  violet|   green|   black|   brown|    gold|
2017-09-11 08:42:18,847 Wrote file: C:/Users/Dominic Gaiero/Documents/projects/Resistor-Band-Picture-Creator/imageExport/res_7.5k.gif
2017-09-11 08:42:18,851 --------------------------------
Generated data for:
2017-09-11 08:42:18,851 |   Value|Tolerence|  Band 1|  Band 2|  Band 3|  Band 4|  Band 5|
2017-09-11 08:42:18,851 |    8.2k|       5%|    grey|     red|   black|   brown|    gold|
2017-09-11 08:42:20,171 Wrote file: C:/Users/Dominic Gaiero/Documents/projects/Resistor-Band-Picture-Creator/imageExport/res_8.2k.gif
2017-09-11 08:42:20,171 --------------------------------
Generated data for:
2017-09-11 08:42:20,171 |   Value|Tolerence|  Band 1|  Band 2|  Band 3|  Band 4|  Band 5|
2017-09-11 08:42:20,175 |    9.1k|       5%|   white|   brown|   black|   brown|    gold|
2017-09-11 08:42:21,515 Wrote file: C:/Users/Dominic Gaiero/Documents/projects/Resistor-Band-Picture-Creator/imageExport/res_9.1k.gif
2017-09-11 08:42:21,515 --------------------------------
Generated data for:
2017-09-11 08:42:21,515 |   Value|Tolerence|  Band 1|  Band 2|  Band 3|  Band 4|  Band 5|
2017-09-11 08:42:21,515 |     10k|       5%|   brown|   black|   black|     red|   brown|
2017-09-11 08:42:22,991 Wrote file: C:/Users/Dominic Gaiero/Documents/projects/Resistor-Band-Picture-Creator/imageExport/res_10k.gif
2017-09-11 08:42:22,991 --------------------------------
Generated data for:
2017-09-11 08:42:22,991 |   Value|Tolerence|  Band 1|  Band 2|  Band 3|  Band 4|  Band 5|
2017-09-11 08:42:22,991 |   10.0k|       5%|   brown|   black|   black|     red|    gold|
2017-09-11 08:42:24,652 Wrote file: C:/Users/Dominic Gaiero/Documents/projects/Resistor-Band-Picture-Creator/imageExport/res_10.0k.gif
2017-09-11 08:42:24,652 --------------------------------
Generated data for:
2017-09-11 08:42:24,652 |   Value|Tolerence|  Band 1|  Band 2|  Band 3|  Band 4|  Band 5|
2017-09-11 08:42:24,656 |   10.0k|       5%|   brown|   black|   black|     red|    gold|
2017-09-11 08:42:26,660 Wrote file: C:/Users/Dominic Gaiero/Documents/projects/Resistor-Band-Picture-Creator/imageExport/res_10.0k.gif
2017-09-11 08:42:26,664 --------------------------------
Generated data for:
2017-09-11 08:42:26,664 |   Value|Tolerence|  Band 1|  Band 2|  Band 3|  Band 4|  Band 5|
2017-09-11 08:42:26,664 |   11.0k|       5%|   brown|   brown|   black|     red|    gold|
2017-09-11 08:42:28,100 Wrote file: C:/Users/Dominic Gaiero/Documents/projects/Resistor-Band-Picture-Creator/imageExport/res_11.0k.gif
2017-09-11 08:42:28,100 --------------------------------
Generated data for:
2017-09-11 08:42:28,100 |   Value|Tolerence|  Band 1|  Band 2|  Band 3|  Band 4|  Band 5|
2017-09-11 08:42:28,100 |   12.0k|       5%|   brown|     red|   black|     red|    gold|
2017-09-11 08:42:29,716 Wrote file: C:/Users/Dominic Gaiero/Documents/projects/Resistor-Band-Picture-Creator/imageExport/res_12.0k.gif
2017-09-11 08:42:29,716 --------------------------------
Generated data for:
2017-09-11 08:42:29,716 |   Value|Tolerence|  Band 1|  Band 2|  Band 3|  Band 4|  Band 5|
2017-09-11 08:42:29,720 |   13.0k|       5%|   brown|  orange|   black|     red|    gold|
2017-09-11 08:42:31,700 Wrote file: C:/Users/Dominic Gaiero/Documents/projects/Resistor-Band-Picture-Creator/imageExport/res_13.0k.gif
2017-09-11 08:42:31,704 --------------------------------
Generated data for:
2017-09-11 08:42:31,704 |   Value|Tolerence|  Band 1|  Band 2|  Band 3|  Band 4|  Band 5|
2017-09-11 08:42:31,704 |   15.0k|       5%|   brown|   green|   black|     red|    gold|
2017-09-11 08:42:32,985 Wrote file: C:/Users/Dominic Gaiero/Documents/projects/Resistor-Band-Picture-Creator/imageExport/res_15.0k.gif
2017-09-11 08:42:32,985 --------------------------------
Generated data for:
2017-09-11 08:42:32,989 |   Value|Tolerence|  Band 1|  Band 2|  Band 3|  Band 4|  Band 5|
2017-09-11 08:42:32,989 |   16.0k|       5%|   brown|    blue|   black|     red|    gold|
2017-09-11 08:42:34,449 Wrote file: C:/Users/Dominic Gaiero/Documents/projects/Resistor-Band-Picture-Creator/imageExport/res_16.0k.gif
2017-09-11 08:42:34,449 --------------------------------
Generated data for:
2017-09-11 08:42:34,453 |   Value|Tolerence|  Band 1|  Band 2|  Band 3|  Band 4|  Band 5|
2017-09-11 08:42:34,453 |   18.0k|       5%|   brown|    grey|   black|     red|    gold|
2017-09-11 08:42:36,109 Wrote file: C:/Users/Dominic Gaiero/Documents/projects/Resistor-Band-Picture-Creator/imageExport/res_18.0k.gif
2017-09-11 08:42:36,109 --------------------------------
Generated data for:
2017-09-11 08:42:36,113 |   Value|Tolerence|  Band 1|  Band 2|  Band 3|  Band 4|  Band 5|
2017-09-11 08:42:36,113 |   20.0k|       5%|     red|   black|   black|     red|    gold|
2017-09-11 08:42:37,797 Wrote file: C:/Users/Dominic Gaiero/Documents/projects/Resistor-Band-Picture-Creator/imageExport/res_20.0k.gif
2017-09-11 08:42:37,797 --------------------------------
Generated data for:
2017-09-11 08:42:37,797 |   Value|Tolerence|  Band 1|  Band 2|  Band 3|  Band 4|  Band 5|
2017-09-11 08:42:37,797 |   22.0k|       5%|     red|     red|   black|     red|    gold|
2017-09-11 08:42:39,202 Wrote file: C:/Users/Dominic Gaiero/Documents/projects/Resistor-Band-Picture-Creator/imageExport/res_22.0k.gif
2017-09-11 08:42:39,202 --------------------------------
Generated data for:
2017-09-11 08:42:39,206 |   Value|Tolerence|  Band 1|  Band 2|  Band 3|  Band 4|  Band 5|
2017-09-11 08:42:39,206 |   24.0k|       5%|     red|  yellow|   black|     red|    gold|
2017-09-11 08:42:40,706 Wrote file: C:/Users/Dominic Gaiero/Documents/projects/Resistor-Band-Picture-Creator/imageExport/res_24.0k.gif
2017-09-11 08:42:40,706 --------------------------------
Generated data for:
2017-09-11 08:42:40,706 |   Value|Tolerence|  Band 1|  Band 2|  Band 3|  Band 4|  Band 5|
2017-09-11 08:42:40,710 |   27.0k|       5%|     red|  violet|   black|     red|    gold|
