2017-07-14 11:15:19,711 Resistor Picture Generator
--------------------------------
Created by Dominic Gaiero for the CP IEEE SB website
--------------------------------

2017-07-14 11:15:19,711 Log File located at: C:\Users\pangj\Documents\GitHub\Resistor-Band-Picture-Creator\logs\CPIEEE_RESISTOR_1500056119.log
2017-07-14 11:15:39,985 CSV Location: C:/Users/pangj/Documents/GitHub/Resistor-Band-Picture-Creator/exampleVal.csv
2017-07-14 11:15:39,985 |     value|       tol| num bands|     band0|     band1|     band2|     band3|     band4|
2017-07-14 11:15:39,985 |        1k|         5|         4|     brown|     black|       red|      gold|      none|
2017-07-14 11:15:39,986 --------------------------------

2017-07-14 11:15:52,704 Directory Location: C:/Users/pangj/Desktop/New folder
2017-07-14 11:15:55,665 ('brown', 'black', 'red', 'gold', 'none')
2017-07-14 11:15:55,665 

2017-07-14 11:15:55,665 --------------------------------
Generated data for:
2017-07-14 11:15:55,666 |   Value|Tolerence|  Band 1|  Band 2|  Band 3|  Band 4|  Band 5|
2017-07-14 11:15:55,666 |      1k|       4%|   brown|   black|     red|    gold|    none|
2017-07-14 11:15:55,843 Wrote file: C:/Users/pangj/Desktop/New folder/1k.gif
2017-07-14 11:15:55,843 test
2017-07-14 11:15:55,843 

2017-07-14 11:15:55,844 ('red', 'black', 'orange', 'gold', 'none')
2017-07-14 11:15:55,844 

2017-07-14 11:15:55,844 --------------------------------
Generated data for:
2017-07-14 11:15:55,844 |   Value|Tolerence|  Band 1|  Band 2|  Band 3|  Band 4|  Band 5|
2017-07-14 11:15:55,844 |     20k|       4%|     red|   black|  orange|    gold|    none|
2017-07-14 11:15:55,875 Wrote file: C:/Users/pangj/Desktop/New folder/20k.gif
2017-07-14 11:15:55,875 ('blue', 'red', 'red', 'silver', 'none')
2017-07-14 11:15:55,875 

2017-07-14 11:15:55,876 --------------------------------
Generated data for:
2017-07-14 11:15:55,876 |   Value|Tolerence|  Band 1|  Band 2|  Band 3|  Band 4|  Band 5|
2017-07-14 11:15:55,876 |    6.2k|       4%|    blue|     red|     red|  silver|    none|
2017-07-14 11:15:55,907 Wrote file: C:/Users/pangj/Desktop/New folder/6.2k.gif
2017-07-14 11:15:55,908 ('yellow', 'violet', 'green', 'silver', 'none')
2017-07-14 11:15:55,908 

2017-07-14 11:15:55,908 --------------------------------
Generated data for:
2017-07-14 11:15:55,908 |   Value|Tolerence|  Band 1|  Band 2|  Band 3|  Band 4|  Band 5|
2017-07-14 11:15:55,908 |    4.7M|       4%|  yellow|  violet|   green|  silver|    none|
2017-07-14 11:15:55,949 Wrote file: C:/Users/pangj/Desktop/New folder/4.7M.gif
2017-07-14 11:15:55,950 --------------------------------

2017-07-14 11:15:55,950 Done

2017-07-14 11:15:55,950 --------------------------------

