2017-06-30 16:22:48,316 Resistor Picture Generator
--------------------------------
Created by Dominic Gaiero for the CP IEEE SB website
--------------------------------

2017-06-30 16:22:48,316 Log File located at: I:\Doc_6-23-2017\projects\Resistor-Band-Picture-Creator\logs\CPIEEE_RESISTOR_1498864968.log
2017-06-30 16:23:13,938 CSV Location: I:/Doc_6-23-2017/projects/Resistor-Band-Picture-Creator/exampleValMore.csv
2017-06-30 16:23:13,938 |     Value| Tolerence|  numBands|
2017-06-30 16:23:13,939 |       0.5|         5|         4|
2017-06-30 16:23:13,939 --------------------------------

2017-06-30 16:23:24,260 Directory Location: I:/Doc_6-23-2017/projects/Resistor-Band-Picture-Creator/imageExport
2017-06-30 16:23:28,578 ('black', 'black', 'gold', 'gold', 'none')
2017-06-30 16:23:28,578 

2017-06-30 16:23:28,578 --------------------------------
Generated data for:
2017-06-30 16:23:28,578 |   Value|Tolerence|  Band 1|  Band 2|  Band 3|  Band 4|  Band 5|
2017-06-30 16:23:28,578 |     0.5|       4%|   black|   black|    gold|    gold|    none|
2017-06-30 16:23:28,953 Wrote file: I:/Doc_6-23-2017/projects/Resistor-Band-Picture-Creator/imageExport/res_0.5.gif
2017-06-30 16:23:28,953 ('brown', 'black', 'gold', 'gold', 'none')
2017-06-30 16:23:28,953 

2017-06-30 16:23:28,953 --------------------------------
Generated data for:
2017-06-30 16:23:28,953 |   Value|Tolerence|  Band 1|  Band 2|  Band 3|  Band 4|  Band 5|
2017-06-30 16:23:28,953 |       1|       4%|   brown|   black|    gold|    gold|    none|
2017-06-30 16:23:29,033 Wrote file: I:/Doc_6-23-2017/projects/Resistor-Band-Picture-Creator/imageExport/res_1.gif
2017-06-30 16:23:29,033 ('brown', 'black', 'gold', 'gold', 'none')
2017-06-30 16:23:29,034 

2017-06-30 16:23:29,034 --------------------------------
Generated data for:
2017-06-30 16:23:29,034 |   Value|Tolerence|  Band 1|  Band 2|  Band 3|  Band 4|  Band 5|
2017-06-30 16:23:29,034 |     1.1|       4%|   brown|   black|    gold|    gold|    none|
2017-06-30 16:23:29,113 Wrote file: I:/Doc_6-23-2017/projects/Resistor-Band-Picture-Creator/imageExport/res_1.1.gif
2017-06-30 16:23:29,114 ('brown', 'black', 'gold', 'gold', 'none')
2017-06-30 16:23:29,114 

2017-06-30 16:23:29,114 --------------------------------
Generated data for:
2017-06-30 16:23:29,114 |   Value|Tolerence|  Band 1|  Band 2|  Band 3|  Band 4|  Band 5|
2017-06-30 16:23:29,114 |     1.2|       4%|   brown|   black|    gold|    gold|    none|
2017-06-30 16:23:29,203 Wrote file: I:/Doc_6-23-2017/projects/Resistor-Band-Picture-Creator/imageExport/res_1.2.gif
2017-06-30 16:23:29,204 ('brown', 'black', 'gold', 'gold', 'none')
2017-06-30 16:23:29,204 

2017-06-30 16:23:29,204 --------------------------------
Generated data for:
2017-06-30 16:23:29,204 |   Value|Tolerence|  Band 1|  Band 2|  Band 3|  Band 4|  Band 5|
2017-06-30 16:23:29,204 |     1.3|       4%|   brown|   black|    gold|    gold|    none|
2017-06-30 16:23:29,288 Wrote file: I:/Doc_6-23-2017/projects/Resistor-Band-Picture-Creator/imageExport/res_1.3.gif
2017-06-30 16:23:29,288 ('brown', 'black', 'gold', 'gold', 'none')
2017-06-30 16:23:29,288 

2017-06-30 16:23:29,288 --------------------------------
Generated data for:
2017-06-30 16:23:29,288 |   Value|Tolerence|  Band 1|  Band 2|  Band 3|  Band 4|  Band 5|
2017-06-30 16:23:29,289 |     1.5|       4%|   brown|   black|    gold|    gold|    none|
2017-06-30 16:23:29,354 Wrote file: I:/Doc_6-23-2017/projects/Resistor-Band-Picture-Creator/imageExport/res_1.5.gif
2017-06-30 16:23:29,354 ('brown', 'black', 'gold', 'gold', 'none')
2017-06-30 16:23:29,354 

2017-06-30 16:23:29,354 --------------------------------
Generated data for:
2017-06-30 16:23:29,355 |   Value|Tolerence|  Band 1|  Band 2|  Band 3|  Band 4|  Band 5|
2017-06-30 16:23:29,355 |     1.6|       4%|   brown|   black|    gold|    gold|    none|
2017-06-30 16:23:29,424 Wrote file: I:/Doc_6-23-2017/projects/Resistor-Band-Picture-Creator/imageExport/res_1.6.gif
2017-06-30 16:23:29,425 ('brown', 'black', 'gold', 'gold', 'none')
2017-06-30 16:23:29,425 

2017-06-30 16:23:29,425 --------------------------------
Generated data for:
2017-06-30 16:23:29,425 |   Value|Tolerence|  Band 1|  Band 2|  Band 3|  Band 4|  Band 5|
2017-06-30 16:23:29,425 |     1.8|       4%|   brown|   black|    gold|    gold|    none|
2017-06-30 16:23:29,494 Wrote file: I:/Doc_6-23-2017/projects/Resistor-Band-Picture-Creator/imageExport/res_1.8.gif
2017-06-30 16:23:29,495 ('red', 'black', 'gold', 'gold', 'none')
2017-06-30 16:23:29,495 

2017-06-30 16:23:29,495 --------------------------------
Generated data for:
2017-06-30 16:23:29,495 |   Value|Tolerence|  Band 1|  Band 2|  Band 3|  Band 4|  Band 5|
2017-06-30 16:23:29,495 |       2|       4%|     red|   black|    gold|    gold|    none|
2017-06-30 16:23:29,565 Wrote file: I:/Doc_6-23-2017/projects/Resistor-Band-Picture-Creator/imageExport/res_2.gif
2017-06-30 16:23:29,565 ('red', 'black', 'gold', 'gold', 'none')
2017-06-30 16:23:29,565 

2017-06-30 16:23:29,565 --------------------------------
Generated data for:
2017-06-30 16:23:29,565 |   Value|Tolerence|  Band 1|  Band 2|  Band 3|  Band 4|  Band 5|
2017-06-30 16:23:29,565 |     2.2|       4%|     red|   black|    gold|    gold|    none|
2017-06-30 16:23:29,635 Wrote file: I:/Doc_6-23-2017/projects/Resistor-Band-Picture-Creator/imageExport/res_2.2.gif
2017-06-30 16:23:29,635 ('red', 'black', 'gold', 'gold', 'none')
2017-06-30 16:23:29,635 

2017-06-30 16:23:29,635 --------------------------------
Generated data for:
2017-06-30 16:23:29,636 |   Value|Tolerence|  Band 1|  Band 2|  Band 3|  Band 4|  Band 5|
2017-06-30 16:23:29,636 |     2.4|       4%|     red|   black|    gold|    gold|    none|
2017-06-30 16:23:29,705 Wrote file: I:/Doc_6-23-2017/projects/Resistor-Band-Picture-Creator/imageExport/res_2.4.gif
2017-06-30 16:23:29,705 ('red', 'black', 'gold', 'gold', 'none')
2017-06-30 16:23:29,705 

2017-06-30 16:23:29,706 --------------------------------
Generated data for:
2017-06-30 16:23:29,706 |   Value|Tolerence|  Band 1|  Band 2|  Band 3|  Band 4|  Band 5|
2017-06-30 16:23:29,706 |     2.7|       4%|     red|   black|    gold|    gold|    none|
2017-06-30 16:23:29,826 Wrote file: I:/Doc_6-23-2017/projects/Resistor-Band-Picture-Creator/imageExport/res_2.7.gif
2017-06-30 16:23:29,826 ('orange', 'black', 'gold', 'gold', 'none')
2017-06-30 16:23:29,826 

2017-06-30 16:23:29,826 --------------------------------
Generated data for:
2017-06-30 16:23:29,826 |   Value|Tolerence|  Band 1|  Band 2|  Band 3|  Band 4|  Band 5|
2017-06-30 16:23:29,826 |       3|       4%|  orange|   black|    gold|    gold|    none|
2017-06-30 16:23:29,896 Wrote file: I:/Doc_6-23-2017/projects/Resistor-Band-Picture-Creator/imageExport/res_3.gif
2017-06-30 16:23:29,896 ('orange', 'black', 'gold', 'gold', 'none')
2017-06-30 16:23:29,896 

2017-06-30 16:23:29,896 --------------------------------
Generated data for:
2017-06-30 16:23:29,896 |   Value|Tolerence|  Band 1|  Band 2|  Band 3|  Band 4|  Band 5|
2017-06-30 16:23:29,896 |     3.3|       4%|  orange|   black|    gold|    gold|    none|
2017-06-30 16:23:29,976 Wrote file: I:/Doc_6-23-2017/projects/Resistor-Band-Picture-Creator/imageExport/res_3.3.gif
2017-06-30 16:23:29,976 ('orange', 'black', 'gold', 'gold', 'none')
2017-06-30 16:23:29,976 

2017-06-30 16:23:29,976 --------------------------------
Generated data for:
2017-06-30 16:23:29,977 |   Value|Tolerence|  Band 1|  Band 2|  Band 3|  Band 4|  Band 5|
2017-06-30 16:23:29,977 |     3.6|       4%|  orange|   black|    gold|    gold|    none|
2017-06-30 16:23:30,047 Wrote file: I:/Doc_6-23-2017/projects/Resistor-Band-Picture-Creator/imageExport/res_3.6.gif
2017-06-30 16:23:30,048 ('orange', 'black', 'gold', 'gold', 'none')
2017-06-30 16:23:30,048 

2017-06-30 16:23:30,048 --------------------------------
Generated data for:
2017-06-30 16:23:30,048 |   Value|Tolerence|  Band 1|  Band 2|  Band 3|  Band 4|  Band 5|
2017-06-30 16:23:30,048 |     3.9|       4%|  orange|   black|    gold|    gold|    none|
2017-06-30 16:23:30,118 Wrote file: I:/Doc_6-23-2017/projects/Resistor-Band-Picture-Creator/imageExport/res_3.9.gif
2017-06-30 16:23:30,118 ('yellow', 'black', 'gold', 'gold', 'none')
2017-06-30 16:23:30,118 

2017-06-30 16:23:30,118 --------------------------------
Generated data for:
2017-06-30 16:23:30,118 |   Value|Tolerence|  Band 1|  Band 2|  Band 3|  Band 4|  Band 5|
2017-06-30 16:23:30,119 |     4.3|       4%|  yellow|   black|    gold|    gold|    none|
2017-06-30 16:23:30,238 Wrote file: I:/Doc_6-23-2017/projects/Resistor-Band-Picture-Creator/imageExport/res_4.3.gif
2017-06-30 16:23:30,238 ('yellow', 'black', 'gold', 'gold', 'none')
2017-06-30 16:23:30,238 

2017-06-30 16:23:30,238 --------------------------------
Generated data for:
2017-06-30 16:23:30,239 |   Value|Tolerence|  Band 1|  Band 2|  Band 3|  Band 4|  Band 5|
2017-06-30 16:23:30,239 |     4.7|       4%|  yellow|   black|    gold|    gold|    none|
2017-06-30 16:23:30,328 Wrote file: I:/Doc_6-23-2017/projects/Resistor-Band-Picture-Creator/imageExport/res_4.7.gif
2017-06-30 16:23:30,329 ('green', 'black', 'gold', 'gold', 'none')
2017-06-30 16:23:30,329 

2017-06-30 16:23:30,329 --------------------------------
Generated data for:
2017-06-30 16:23:30,329 |   Value|Tolerence|  Band 1|  Band 2|  Band 3|  Band 4|  Band 5|
2017-06-30 16:23:30,329 |     5.1|       4%|   green|   black|    gold|    gold|    none|
2017-06-30 16:23:30,429 Wrote file: I:/Doc_6-23-2017/projects/Resistor-Band-Picture-Creator/imageExport/res_5.1.gif
2017-06-30 16:23:30,429 ('green', 'black', 'gold', 'gold', 'none')
2017-06-30 16:23:30,429 

2017-06-30 16:23:30,429 --------------------------------
Generated data for:
2017-06-30 16:23:30,429 |   Value|Tolerence|  Band 1|  Band 2|  Band 3|  Band 4|  Band 5|
2017-06-30 16:23:30,429 |     5.6|       4%|   green|   black|    gold|    gold|    none|
2017-06-30 16:23:30,529 Wrote file: I:/Doc_6-23-2017/projects/Resistor-Band-Picture-Creator/imageExport/res_5.6.gif
2017-06-30 16:23:30,529 ('blue', 'black', 'gold', 'gold', 'none')
2017-06-30 16:23:30,529 

2017-06-30 16:23:30,530 --------------------------------
Generated data for:
2017-06-30 16:23:30,530 |   Value|Tolerence|  Band 1|  Band 2|  Band 3|  Band 4|  Band 5|
2017-06-30 16:23:30,530 |     6.2|       4%|    blue|   black|    gold|    gold|    none|
2017-06-30 16:23:30,609 Wrote file: I:/Doc_6-23-2017/projects/Resistor-Band-Picture-Creator/imageExport/res_6.2.gif
2017-06-30 16:23:30,609 ('blue', 'black', 'gold', 'gold', 'none')
2017-06-30 16:23:30,609 

2017-06-30 16:23:30,610 --------------------------------
Generated data for:
2017-06-30 16:23:30,610 |   Value|Tolerence|  Band 1|  Band 2|  Band 3|  Band 4|  Band 5|
2017-06-30 16:23:30,610 |     6.8|       4%|    blue|   black|    gold|    gold|    none|
2017-06-30 16:23:30,689 Wrote file: I:/Doc_6-23-2017/projects/Resistor-Band-Picture-Creator/imageExport/res_6.8.gif
2017-06-30 16:23:30,690 ('violet', 'black', 'gold', 'gold', 'none')
2017-06-30 16:23:30,690 

2017-06-30 16:23:30,690 --------------------------------
Generated data for:
2017-06-30 16:23:30,690 |   Value|Tolerence|  Band 1|  Band 2|  Band 3|  Band 4|  Band 5|
2017-06-30 16:23:30,690 |     7.5|       4%|  violet|   black|    gold|    gold|    none|
2017-06-30 16:23:30,820 Wrote file: I:/Doc_6-23-2017/projects/Resistor-Band-Picture-Creator/imageExport/res_7.5.gif
2017-06-30 16:23:30,820 ('grey', 'black', 'gold', 'gold', 'none')
2017-06-30 16:23:30,820 

2017-06-30 16:23:30,820 --------------------------------
Generated data for:
2017-06-30 16:23:30,821 |   Value|Tolerence|  Band 1|  Band 2|  Band 3|  Band 4|  Band 5|
2017-06-30 16:23:30,821 |     8.2|       4%|    grey|   black|    gold|    gold|    none|
2017-06-30 16:23:30,930 Wrote file: I:/Doc_6-23-2017/projects/Resistor-Band-Picture-Creator/imageExport/res_8.2.gif
2017-06-30 16:23:30,931 ('grey', 'black', 'gold', 'gold', 'none')
2017-06-30 16:23:30,931 

2017-06-30 16:23:30,931 --------------------------------
Generated data for:
2017-06-30 16:23:30,931 |   Value|Tolerence|  Band 1|  Band 2|  Band 3|  Band 4|  Band 5|
2017-06-30 16:23:30,931 |     8.2|       4%|    grey|   black|    gold|    gold|    none|
2017-06-30 16:23:31,031 Wrote file: I:/Doc_6-23-2017/projects/Resistor-Band-Picture-Creator/imageExport/res_8.2.gif
2017-06-30 16:23:31,031 ('white', 'black', 'gold', 'gold', 'none')
2017-06-30 16:23:31,031 

2017-06-30 16:23:31,031 --------------------------------
Generated data for:
2017-06-30 16:23:31,031 |   Value|Tolerence|  Band 1|  Band 2|  Band 3|  Band 4|  Band 5|
2017-06-30 16:23:31,031 |     9.1|       4%|   white|   black|    gold|    gold|    none|
2017-06-30 16:23:31,121 Wrote file: I:/Doc_6-23-2017/projects/Resistor-Band-Picture-Creator/imageExport/res_9.1.gif
2017-06-30 16:23:31,121 test
2017-06-30 16:23:31,121 

2017-06-30 16:23:31,121 ('brown', 'black', 'black', 'gold', 'none')
2017-06-30 16:23:31,122 

2017-06-30 16:23:31,122 --------------------------------
Generated data for:
2017-06-30 16:23:31,122 |   Value|Tolerence|  Band 1|  Band 2|  Band 3|  Band 4|  Band 5|
2017-06-30 16:23:31,122 |      10|       4%|   brown|   black|   black|    gold|    none|
2017-06-30 16:23:31,191 Wrote file: I:/Doc_6-23-2017/projects/Resistor-Band-Picture-Creator/imageExport/res_10.gif
2017-06-30 16:23:31,192 test
2017-06-30 16:23:31,192 

2017-06-30 16:23:31,192 ('brown', 'black', 'black', 'gold', 'none')
2017-06-30 16:23:31,192 

2017-06-30 16:23:31,192 --------------------------------
Generated data for:
2017-06-30 16:23:31,192 |   Value|Tolerence|  Band 1|  Band 2|  Band 3|  Band 4|  Band 5|
2017-06-30 16:23:31,192 |      10|       4%|   brown|   black|   black|    gold|    none|
2017-06-30 16:23:31,283 Wrote file: I:/Doc_6-23-2017/projects/Resistor-Band-Picture-Creator/imageExport/res_10.gif
2017-06-30 16:23:31,283 test
2017-06-30 16:23:31,283 

2017-06-30 16:23:31,283 ('brown', 'brown', 'black', 'gold', 'none')
2017-06-30 16:23:31,283 

2017-06-30 16:23:31,283 --------------------------------
Generated data for:
2017-06-30 16:23:31,284 |   Value|Tolerence|  Band 1|  Band 2|  Band 3|  Band 4|  Band 5|
2017-06-30 16:23:31,284 |      11|       4%|   brown|   brown|   black|    gold|    none|
2017-06-30 16:23:31,403 Wrote file: I:/Doc_6-23-2017/projects/Resistor-Band-Picture-Creator/imageExport/res_11.gif
2017-06-30 16:23:31,403 test
2017-06-30 16:23:31,403 

2017-06-30 16:23:31,404 ('brown', 'red', 'black', 'gold', 'none')
2017-06-30 16:23:31,404 

2017-06-30 16:23:31,404 --------------------------------
Generated data for:
2017-06-30 16:23:31,404 |   Value|Tolerence|  Band 1|  Band 2|  Band 3|  Band 4|  Band 5|
2017-06-30 16:23:31,404 |      12|       4%|   brown|     red|   black|    gold|    none|
2017-06-30 16:23:31,513 Wrote file: I:/Doc_6-23-2017/projects/Resistor-Band-Picture-Creator/imageExport/res_12.gif
2017-06-30 16:23:31,513 test
2017-06-30 16:23:31,514 

2017-06-30 16:23:31,514 ('brown', 'orange', 'black', 'gold', 'none')
2017-06-30 16:23:31,514 

2017-06-30 16:23:31,514 --------------------------------
Generated data for:
2017-06-30 16:23:31,514 |   Value|Tolerence|  Band 1|  Band 2|  Band 3|  Band 4|  Band 5|
2017-06-30 16:23:31,514 |      13|       4%|   brown|  orange|   black|    gold|    none|
2017-06-30 16:23:31,614 Wrote file: I:/Doc_6-23-2017/projects/Resistor-Band-Picture-Creator/imageExport/res_13.gif
2017-06-30 16:23:31,614 test
2017-06-30 16:23:31,614 

2017-06-30 16:23:31,614 ('brown', 'green', 'black', 'gold', 'none')
2017-06-30 16:23:31,614 

2017-06-30 16:23:31,614 --------------------------------
Generated data for:
2017-06-30 16:23:31,615 |   Value|Tolerence|  Band 1|  Band 2|  Band 3|  Band 4|  Band 5|
2017-06-30 16:23:31,615 |      15|       4%|   brown|   green|   black|    gold|    none|
2017-06-30 16:23:31,704 Wrote file: I:/Doc_6-23-2017/projects/Resistor-Band-Picture-Creator/imageExport/res_15.gif
2017-06-30 16:23:31,704 test
2017-06-30 16:23:31,704 

2017-06-30 16:23:31,704 ('brown', 'blue', 'black', 'gold', 'none')
2017-06-30 16:23:31,705 

2017-06-30 16:23:31,705 --------------------------------
Generated data for:
2017-06-30 16:23:31,705 |   Value|Tolerence|  Band 1|  Band 2|  Band 3|  Band 4|  Band 5|
2017-06-30 16:23:31,705 |      16|       4%|   brown|    blue|   black|    gold|    none|
2017-06-30 16:23:31,824 Wrote file: I:/Doc_6-23-2017/projects/Resistor-Band-Picture-Creator/imageExport/res_16.gif
2017-06-30 16:23:31,825 test
2017-06-30 16:23:31,825 

2017-06-30 16:23:31,825 ('brown', 'grey', 'black', 'gold', 'none')
2017-06-30 16:23:31,825 

2017-06-30 16:23:31,825 --------------------------------
Generated data for:
2017-06-30 16:23:31,825 |   Value|Tolerence|  Band 1|  Band 2|  Band 3|  Band 4|  Band 5|
2017-06-30 16:23:31,825 |      18|       4%|   brown|    grey|   black|    gold|    none|
2017-06-30 16:23:31,905 Wrote file: I:/Doc_6-23-2017/projects/Resistor-Band-Picture-Creator/imageExport/res_18.gif
2017-06-30 16:23:31,931 test
2017-06-30 16:23:31,931 

2017-06-30 16:23:31,931 ('red', 'black', 'black', 'gold', 'none')
2017-06-30 16:23:31,931 

2017-06-30 16:23:31,931 --------------------------------
Generated data for:
2017-06-30 16:23:31,932 |   Value|Tolerence|  Band 1|  Band 2|  Band 3|  Band 4|  Band 5|
2017-06-30 16:23:31,932 |      20|       4%|     red|   black|   black|    gold|    none|
2017-06-30 16:23:32,015 Wrote file: I:/Doc_6-23-2017/projects/Resistor-Band-Picture-Creator/imageExport/res_20.gif
2017-06-30 16:23:32,015 test
2017-06-30 16:23:32,015 

2017-06-30 16:23:32,015 ('red', 'red', 'black', 'gold', 'none')
2017-06-30 16:23:32,016 

2017-06-30 16:23:32,016 --------------------------------
Generated data for:
2017-06-30 16:23:32,016 |   Value|Tolerence|  Band 1|  Band 2|  Band 3|  Band 4|  Band 5|
2017-06-30 16:23:32,016 |      22|       4%|     red|     red|   black|    gold|    none|
2017-06-30 16:23:32,095 Wrote file: I:/Doc_6-23-2017/projects/Resistor-Band-Picture-Creator/imageExport/res_22.gif
2017-06-30 16:23:32,096 test
2017-06-30 16:23:32,096 

2017-06-30 16:23:32,096 ('red', 'yellow', 'black', 'gold', 'none')
2017-06-30 16:23:32,096 

2017-06-30 16:23:32,096 --------------------------------
Generated data for:
2017-06-30 16:23:32,096 |   Value|Tolerence|  Band 1|  Band 2|  Band 3|  Band 4|  Band 5|
2017-06-30 16:23:32,096 |      24|       4%|     red|  yellow|   black|    gold|    none|
2017-06-30 16:23:32,476 Wrote file: I:/Doc_6-23-2017/projects/Resistor-Band-Picture-Creator/imageExport/res_24.gif
2017-06-30 16:23:32,477 test
2017-06-30 16:23:32,477 

2017-06-30 16:23:32,477 ('red', 'violet', 'black', 'gold', 'none')
2017-06-30 16:23:32,477 

2017-06-30 16:23:32,477 --------------------------------
Generated data for:
2017-06-30 16:23:32,477 |   Value|Tolerence|  Band 1|  Band 2|  Band 3|  Band 4|  Band 5|
2017-06-30 16:23:32,477 |      27|       4%|     red|  violet|   black|    gold|    none|
2017-06-30 16:23:32,537 Wrote file: I:/Doc_6-23-2017/projects/Resistor-Band-Picture-Creator/imageExport/res_27.gif
2017-06-30 16:23:32,537 test
2017-06-30 16:23:32,537 

2017-06-30 16:23:32,537 ('orange', 'black', 'black', 'gold', 'none')
2017-06-30 16:23:32,537 

2017-06-30 16:23:32,538 --------------------------------
Generated data for:
2017-06-30 16:23:32,538 |   Value|Tolerence|  Band 1|  Band 2|  Band 3|  Band 4|  Band 5|
2017-06-30 16:23:32,538 |      30|       4%|  orange|   black|   black|    gold|    none|
2017-06-30 16:23:32,607 Wrote file: I:/Doc_6-23-2017/projects/Resistor-Band-Picture-Creator/imageExport/res_30.gif
2017-06-30 16:23:32,607 test
2017-06-30 16:23:32,607 

2017-06-30 16:23:32,607 ('orange', 'orange', 'black', 'gold', 'none')
2017-06-30 16:23:32,607 

2017-06-30 16:23:32,608 --------------------------------
Generated data for:
2017-06-30 16:23:32,608 |   Value|Tolerence|  Band 1|  Band 2|  Band 3|  Band 4|  Band 5|
2017-06-30 16:23:32,608 |      33|       4%|  orange|  orange|   black|    gold|    none|
2017-06-30 16:23:32,677 Wrote file: I:/Doc_6-23-2017/projects/Resistor-Band-Picture-Creator/imageExport/res_33.gif
2017-06-30 16:23:32,677 test
2017-06-30 16:23:32,677 

2017-06-30 16:23:32,678 ('orange', 'white', 'black', 'gold', 'none')
2017-06-30 16:23:32,678 

2017-06-30 16:23:32,678 --------------------------------
Generated data for:
2017-06-30 16:23:32,678 |   Value|Tolerence|  Band 1|  Band 2|  Band 3|  Band 4|  Band 5|
2017-06-30 16:23:32,678 |      39|       4%|  orange|   white|   black|    gold|    none|
2017-06-30 16:23:32,778 Wrote file: I:/Doc_6-23-2017/projects/Resistor-Band-Picture-Creator/imageExport/res_39.gif
2017-06-30 16:23:32,779 test
2017-06-30 16:23:32,779 

2017-06-30 16:23:32,779 ('yellow', 'orange', 'black', 'gold', 'none')
2017-06-30 16:23:32,779 

2017-06-30 16:23:32,779 --------------------------------
Generated data for:
2017-06-30 16:23:32,779 |   Value|Tolerence|  Band 1|  Band 2|  Band 3|  Band 4|  Band 5|
2017-06-30 16:23:32,779 |      43|       4%|  yellow|  orange|   black|    gold|    none|
2017-06-30 16:23:32,849 Wrote file: I:/Doc_6-23-2017/projects/Resistor-Band-Picture-Creator/imageExport/res_43.gif
2017-06-30 16:23:32,849 test
2017-06-30 16:23:32,849 

2017-06-30 16:23:32,849 ('yellow', 'violet', 'black', 'gold', 'none')
2017-06-30 16:23:32,849 

2017-06-30 16:23:32,849 --------------------------------
Generated data for:
2017-06-30 16:23:32,849 |   Value|Tolerence|  Band 1|  Band 2|  Band 3|  Band 4|  Band 5|
2017-06-30 16:23:32,850 |      47|       4%|  yellow|  violet|   black|    gold|    none|
2017-06-30 16:23:32,919 Wrote file: I:/Doc_6-23-2017/projects/Resistor-Band-Picture-Creator/imageExport/res_47.gif
2017-06-30 16:23:32,919 test
2017-06-30 16:23:32,919 

2017-06-30 16:23:32,920 ('yellow', 'violet', 'black', 'gold', 'none')
2017-06-30 16:23:32,920 

2017-06-30 16:23:32,920 --------------------------------
Generated data for:
2017-06-30 16:23:32,920 |   Value|Tolerence|  Band 1|  Band 2|  Band 3|  Band 4|  Band 5|
2017-06-30 16:23:32,920 |      47|       4%|  yellow|  violet|   black|    gold|    none|
2017-06-30 16:23:32,989 Wrote file: I:/Doc_6-23-2017/projects/Resistor-Band-Picture-Creator/imageExport/res_47.gif
2017-06-30 16:23:32,989 test
2017-06-30 16:23:32,989 

2017-06-30 16:23:32,989 ('green', 'brown', 'black', 'gold', 'none')
2017-06-30 16:23:32,990 

2017-06-30 16:23:32,990 --------------------------------
Generated data for:
2017-06-30 16:23:32,990 |   Value|Tolerence|  Band 1|  Band 2|  Band 3|  Band 4|  Band 5|
2017-06-30 16:23:32,990 |      51|       4%|   green|   brown|   black|    gold|    none|
2017-06-30 16:23:33,059 Wrote file: I:/Doc_6-23-2017/projects/Resistor-Band-Picture-Creator/imageExport/res_51.gif
2017-06-30 16:23:33,060 test
2017-06-30 16:23:33,060 

2017-06-30 16:23:33,060 ('green', 'blue', 'black', 'gold', 'none')
2017-06-30 16:23:33,060 

2017-06-30 16:23:33,060 --------------------------------
Generated data for:
2017-06-30 16:23:33,060 |   Value|Tolerence|  Band 1|  Band 2|  Band 3|  Band 4|  Band 5|
2017-06-30 16:23:33,060 |      56|       4%|   green|    blue|   black|    gold|    none|
2017-06-30 16:23:33,190 Wrote file: I:/Doc_6-23-2017/projects/Resistor-Band-Picture-Creator/imageExport/res_56.gif
2017-06-30 16:23:33,190 test
2017-06-30 16:23:33,190 

2017-06-30 16:23:33,190 ('blue', 'red', 'black', 'gold', 'none')
2017-06-30 16:23:33,190 

2017-06-30 16:23:33,190 --------------------------------
Generated data for:
2017-06-30 16:23:33,191 |   Value|Tolerence|  Band 1|  Band 2|  Band 3|  Band 4|  Band 5|
2017-06-30 16:23:33,191 |      62|       4%|    blue|     red|   black|    gold|    none|
2017-06-30 16:23:33,280 Wrote file: I:/Doc_6-23-2017/projects/Resistor-Band-Picture-Creator/imageExport/res_62.gif
2017-06-30 16:23:33,280 test
2017-06-30 16:23:33,280 

2017-06-30 16:23:33,280 ('blue', 'grey', 'black', 'gold', 'none')
2017-06-30 16:23:33,281 

2017-06-30 16:23:33,281 --------------------------------
Generated data for:
2017-06-30 16:23:33,281 |   Value|Tolerence|  Band 1|  Band 2|  Band 3|  Band 4|  Band 5|
2017-06-30 16:23:33,281 |      68|       4%|    blue|    grey|   black|    gold|    none|
2017-06-30 16:23:33,340 Wrote file: I:/Doc_6-23-2017/projects/Resistor-Band-Picture-Creator/imageExport/res_68.gif
2017-06-30 16:23:33,341 test
2017-06-30 16:23:33,341 

2017-06-30 16:23:33,341 ('violet', 'green', 'black', 'gold', 'none')
2017-06-30 16:23:33,341 

2017-06-30 16:23:33,341 --------------------------------
Generated data for:
2017-06-30 16:23:33,341 |   Value|Tolerence|  Band 1|  Band 2|  Band 3|  Band 4|  Band 5|
2017-06-30 16:23:33,341 |      75|       4%|  violet|   green|   black|    gold|    none|
2017-06-30 16:23:33,400 Wrote file: I:/Doc_6-23-2017/projects/Resistor-Band-Picture-Creator/imageExport/res_75.gif
2017-06-30 16:23:33,401 test
2017-06-30 16:23:33,401 

2017-06-30 16:23:33,401 ('grey', 'red', 'black', 'gold', 'none')
2017-06-30 16:23:33,401 

2017-06-30 16:23:33,401 --------------------------------
Generated data for:
2017-06-30 16:23:33,402 |   Value|Tolerence|  Band 1|  Band 2|  Band 3|  Band 4|  Band 5|
2017-06-30 16:23:33,402 |      82|       4%|    grey|     red|   black|    gold|    none|
2017-06-30 16:23:33,471 Wrote file: I:/Doc_6-23-2017/projects/Resistor-Band-Picture-Creator/imageExport/res_82.gif
2017-06-30 16:23:33,471 test
2017-06-30 16:23:33,471 

2017-06-30 16:23:33,471 ('white', 'brown', 'black', 'gold', 'none')
2017-06-30 16:23:33,471 

2017-06-30 16:23:33,471 --------------------------------
Generated data for:
2017-06-30 16:23:33,472 |   Value|Tolerence|  Band 1|  Band 2|  Band 3|  Band 4|  Band 5|
2017-06-30 16:23:33,472 |      91|       4%|   white|   brown|   black|    gold|    none|
2017-06-30 16:23:33,551 Wrote file: I:/Doc_6-23-2017/projects/Resistor-Band-Picture-Creator/imageExport/res_91.gif
2017-06-30 16:23:33,551 test
2017-06-30 16:23:33,551 

2017-06-30 16:23:33,551 ('white', 'brown', 'black', 'gold', 'none')
2017-06-30 16:23:33,551 

2017-06-30 16:23:33,552 --------------------------------
Generated data for:
2017-06-30 16:23:33,552 |   Value|Tolerence|  Band 1|  Band 2|  Band 3|  Band 4|  Band 5|
2017-06-30 16:23:33,552 |      91|       4%|   white|   brown|   black|    gold|    none|
2017-06-30 16:23:33,621 Wrote file: I:/Doc_6-23-2017/projects/Resistor-Band-Picture-Creator/imageExport/res_91.gif
2017-06-30 16:23:33,622 test
2017-06-30 16:23:33,622 

2017-06-30 16:23:33,622 ('brown', 'black', 'black', 'black', 'gold')
2017-06-30 16:23:33,622 

2017-06-30 16:23:33,622 --------------------------------
Generated data for:
2017-06-30 16:23:33,623 |   Value|Tolerence|  Band 1|  Band 2|  Band 3|  Band 4|  Band 5|
2017-06-30 16:23:33,623 |     100|       4%|   brown|   black|   black|   black|    gold|
2017-06-30 16:23:33,701 Wrote file: I:/Doc_6-23-2017/projects/Resistor-Band-Picture-Creator/imageExport/res_100.gif
2017-06-30 16:23:33,702 test
2017-06-30 16:23:33,702 

2017-06-30 16:23:33,702 ('brown', 'black', 'black', 'black', 'gold')
2017-06-30 16:23:33,702 

2017-06-30 16:23:33,702 --------------------------------
Generated data for:
2017-06-30 16:23:33,702 |   Value|Tolerence|  Band 1|  Band 2|  Band 3|  Band 4|  Band 5|
2017-06-30 16:23:33,703 |     100|       4%|   brown|   black|   black|   black|    gold|
2017-06-30 16:23:33,792 Wrote file: I:/Doc_6-23-2017/projects/Resistor-Band-Picture-Creator/imageExport/res_100.gif
2017-06-30 16:23:33,792 test
2017-06-30 16:23:33,792 

2017-06-30 16:23:33,793 ('brown', 'brown', 'black', 'black', 'gold')
2017-06-30 16:23:33,793 

2017-06-30 16:23:33,793 --------------------------------
Generated data for:
2017-06-30 16:23:33,793 |   Value|Tolerence|  Band 1|  Band 2|  Band 3|  Band 4|  Band 5|
2017-06-30 16:23:33,793 |     110|       4%|   brown|   brown|   black|   black|    gold|
2017-06-30 16:23:33,942 Wrote file: I:/Doc_6-23-2017/projects/Resistor-Band-Picture-Creator/imageExport/res_110.gif
2017-06-30 16:23:33,943 test
2017-06-30 16:23:33,943 

2017-06-30 16:23:33,943 ('brown', 'red', 'black', 'black', 'gold')
2017-06-30 16:23:33,943 

2017-06-30 16:23:33,943 --------------------------------
Generated data for:
2017-06-30 16:23:33,943 |   Value|Tolerence|  Band 1|  Band 2|  Band 3|  Band 4|  Band 5|
2017-06-30 16:23:33,943 |     120|       4%|   brown|     red|   black|   black|    gold|
2017-06-30 16:23:34,163 Wrote file: I:/Doc_6-23-2017/projects/Resistor-Band-Picture-Creator/imageExport/res_120.gif
2017-06-30 16:23:34,163 test
2017-06-30 16:23:34,164 

2017-06-30 16:23:34,164 ('brown', 'orange', 'black', 'black', 'gold')
2017-06-30 16:23:34,164 

2017-06-30 16:23:34,164 --------------------------------
Generated data for:
2017-06-30 16:23:34,164 |   Value|Tolerence|  Band 1|  Band 2|  Band 3|  Band 4|  Band 5|
2017-06-30 16:23:34,164 |     130|       4%|   brown|  orange|   black|   black|    gold|
2017-06-30 16:23:34,253 Wrote file: I:/Doc_6-23-2017/projects/Resistor-Band-Picture-Creator/imageExport/res_130.gif
2017-06-30 16:23:34,254 test
2017-06-30 16:23:34,254 

2017-06-30 16:23:34,254 ('brown', 'green', 'black', 'black', 'gold')
2017-06-30 16:23:34,254 

2017-06-30 16:23:34,254 --------------------------------
Generated data for:
2017-06-30 16:23:34,254 |   Value|Tolerence|  Band 1|  Band 2|  Band 3|  Band 4|  Band 5|
2017-06-30 16:23:34,254 |     150|       4%|   brown|   green|   black|   black|    gold|
2017-06-30 16:23:34,323 Wrote file: I:/Doc_6-23-2017/projects/Resistor-Band-Picture-Creator/imageExport/res_150.gif
2017-06-30 16:23:34,324 test
2017-06-30 16:23:34,324 

2017-06-30 16:23:34,324 ('brown', 'green', 'black', 'black', 'gold')
2017-06-30 16:23:34,324 

2017-06-30 16:23:34,324 --------------------------------
Generated data for:
2017-06-30 16:23:34,324 |   Value|Tolerence|  Band 1|  Band 2|  Band 3|  Band 4|  Band 5|
2017-06-30 16:23:34,324 |     150|       4%|   brown|   green|   black|   black|    gold|
2017-06-30 16:23:34,435 Wrote file: I:/Doc_6-23-2017/projects/Resistor-Band-Picture-Creator/imageExport/res_150.gif
2017-06-30 16:23:34,435 test
2017-06-30 16:23:34,436 

2017-06-30 16:23:34,436 ('brown', 'blue', 'black', 'black', 'gold')
2017-06-30 16:23:34,436 

2017-06-30 16:23:34,436 --------------------------------
Generated data for:
2017-06-30 16:23:34,436 |   Value|Tolerence|  Band 1|  Band 2|  Band 3|  Band 4|  Band 5|
2017-06-30 16:23:34,436 |     160|       4%|   brown|    blue|   black|   black|    gold|
2017-06-30 16:23:34,555 Wrote file: I:/Doc_6-23-2017/projects/Resistor-Band-Picture-Creator/imageExport/res_160.gif
2017-06-30 16:23:34,555 test
2017-06-30 16:23:34,556 

2017-06-30 16:23:34,556 ('brown', 'grey', 'black', 'black', 'gold')
2017-06-30 16:23:34,556 

2017-06-30 16:23:34,556 --------------------------------
Generated data for:
2017-06-30 16:23:34,556 |   Value|Tolerence|  Band 1|  Band 2|  Band 3|  Band 4|  Band 5|
2017-06-30 16:23:34,556 |     180|       4%|   brown|    grey|   black|   black|    gold|
2017-06-30 16:23:34,636 Wrote file: I:/Doc_6-23-2017/projects/Resistor-Band-Picture-Creator/imageExport/res_180.gif
2017-06-30 16:23:34,636 test
2017-06-30 16:23:34,637 

2017-06-30 16:23:34,637 ('red', 'black', 'black', 'black', 'gold')
2017-06-30 16:23:34,637 

2017-06-30 16:23:34,637 --------------------------------
Generated data for:
2017-06-30 16:23:34,637 |   Value|Tolerence|  Band 1|  Band 2|  Band 3|  Band 4|  Band 5|
2017-06-30 16:23:34,637 |     200|       4%|     red|   black|   black|   black|    gold|
2017-06-30 16:23:34,746 Wrote file: I:/Doc_6-23-2017/projects/Resistor-Band-Picture-Creator/imageExport/res_200.gif
2017-06-30 16:23:34,747 test
2017-06-30 16:23:34,747 

2017-06-30 16:23:34,747 ('red', 'red', 'black', 'black', 'gold')
2017-06-30 16:23:34,747 

2017-06-30 16:23:34,747 --------------------------------
Generated data for:
2017-06-30 16:23:34,747 |   Value|Tolerence|  Band 1|  Band 2|  Band 3|  Band 4|  Band 5|
2017-06-30 16:23:34,748 |     220|       4%|     red|     red|   black|   black|    gold|
2017-06-30 16:23:34,836 Wrote file: I:/Doc_6-23-2017/projects/Resistor-Band-Picture-Creator/imageExport/res_220.gif
2017-06-30 16:23:34,836 test
2017-06-30 16:23:34,837 

2017-06-30 16:23:34,837 ('red', 'yellow', 'black', 'black', 'gold')
2017-06-30 16:23:34,837 

2017-06-30 16:23:34,837 --------------------------------
Generated data for:
2017-06-30 16:23:34,837 |   Value|Tolerence|  Band 1|  Band 2|  Band 3|  Band 4|  Band 5|
2017-06-30 16:23:34,837 |     240|       4%|     red|  yellow|   black|   black|    gold|
2017-06-30 16:23:34,916 Wrote file: I:/Doc_6-23-2017/projects/Resistor-Band-Picture-Creator/imageExport/res_240.gif
2017-06-30 16:23:34,917 test
2017-06-30 16:23:34,917 

2017-06-30 16:23:34,917 ('red', 'yellow', 'black', 'black', 'gold')
2017-06-30 16:23:34,917 

2017-06-30 16:23:34,917 --------------------------------
Generated data for:
2017-06-30 16:23:34,917 |   Value|Tolerence|  Band 1|  Band 2|  Band 3|  Band 4|  Band 5|
2017-06-30 16:23:34,917 |     240|       4%|     red|  yellow|   black|   black|    gold|
2017-06-30 16:23:34,987 Wrote file: I:/Doc_6-23-2017/projects/Resistor-Band-Picture-Creator/imageExport/res_240.gif
2017-06-30 16:23:34,987 test
2017-06-30 16:23:34,987 

2017-06-30 16:23:34,987 ('red', 'violet', 'black', 'black', 'gold')
2017-06-30 16:23:34,987 

2017-06-30 16:23:34,987 --------------------------------
Generated data for:
2017-06-30 16:23:34,988 |   Value|Tolerence|  Band 1|  Band 2|  Band 3|  Band 4|  Band 5|
2017-06-30 16:23:34,988 |     270|       4%|     red|  violet|   black|   black|    gold|
2017-06-30 16:23:35,057 Wrote file: I:/Doc_6-23-2017/projects/Resistor-Band-Picture-Creator/imageExport/res_270.gif
2017-06-30 16:23:35,057 test
2017-06-30 16:23:35,057 

2017-06-30 16:23:35,058 ('orange', 'black', 'black', 'black', 'gold')
2017-06-30 16:23:35,058 

2017-06-30 16:23:35,058 --------------------------------
Generated data for:
2017-06-30 16:23:35,058 |   Value|Tolerence|  Band 1|  Band 2|  Band 3|  Band 4|  Band 5|
2017-06-30 16:23:35,058 |     300|       4%|  orange|   black|   black|   black|    gold|
2017-06-30 16:23:35,127 Wrote file: I:/Doc_6-23-2017/projects/Resistor-Band-Picture-Creator/imageExport/res_300.gif
2017-06-30 16:23:35,127 test
2017-06-30 16:23:35,127 

2017-06-30 16:23:35,128 ('orange', 'orange', 'black', 'black', 'gold')
2017-06-30 16:23:35,128 

2017-06-30 16:23:35,128 --------------------------------
Generated data for:
2017-06-30 16:23:35,128 |   Value|Tolerence|  Band 1|  Band 2|  Band 3|  Band 4|  Band 5|
2017-06-30 16:23:35,128 |     330|       4%|  orange|  orange|   black|   black|    gold|
2017-06-30 16:23:35,197 Wrote file: I:/Doc_6-23-2017/projects/Resistor-Band-Picture-Creator/imageExport/res_330.gif
2017-06-30 16:23:35,198 test
2017-06-30 16:23:35,198 

2017-06-30 16:23:35,198 ('orange', 'blue', 'black', 'black', 'gold')
2017-06-30 16:23:35,198 

2017-06-30 16:23:35,198 --------------------------------
Generated data for:
2017-06-30 16:23:35,198 |   Value|Tolerence|  Band 1|  Band 2|  Band 3|  Band 4|  Band 5|
2017-06-30 16:23:35,199 |     360|       4%|  orange|    blue|   black|   black|    gold|
2017-06-30 16:23:35,268 Wrote file: I:/Doc_6-23-2017/projects/Resistor-Band-Picture-Creator/imageExport/res_360.gif
2017-06-30 16:23:35,268 test
2017-06-30 16:23:35,268 

2017-06-30 16:23:35,268 ('orange', 'white', 'black', 'black', 'gold')
2017-06-30 16:23:35,268 

2017-06-30 16:23:35,268 --------------------------------
Generated data for:
2017-06-30 16:23:35,269 |   Value|Tolerence|  Band 1|  Band 2|  Band 3|  Band 4|  Band 5|
2017-06-30 16:23:35,269 |     390|       4%|  orange|   white|   black|   black|    gold|
2017-06-30 16:23:35,328 Wrote file: I:/Doc_6-23-2017/projects/Resistor-Band-Picture-Creator/imageExport/res_390.gif
2017-06-30 16:23:35,328 test
2017-06-30 16:23:35,328 

2017-06-30 16:23:35,328 ('orange', 'white', 'black', 'black', 'gold')
2017-06-30 16:23:35,329 

2017-06-30 16:23:35,329 --------------------------------
Generated data for:
2017-06-30 16:23:35,329 |   Value|Tolerence|  Band 1|  Band 2|  Band 3|  Band 4|  Band 5|
2017-06-30 16:23:35,329 |     390|       4%|  orange|   white|   black|   black|    gold|
2017-06-30 16:23:35,388 Wrote file: I:/Doc_6-23-2017/projects/Resistor-Band-Picture-Creator/imageExport/res_390.gif
2017-06-30 16:23:35,388 test
2017-06-30 16:23:35,389 

2017-06-30 16:23:35,389 ('yellow', 'orange', 'black', 'black', 'gold')
2017-06-30 16:23:35,389 

2017-06-30 16:23:35,389 --------------------------------
Generated data for:
2017-06-30 16:23:35,389 |   Value|Tolerence|  Band 1|  Band 2|  Band 3|  Band 4|  Band 5|
2017-06-30 16:23:35,389 |     430|       4%|  yellow|  orange|   black|   black|    gold|
2017-06-30 16:23:35,458 Wrote file: I:/Doc_6-23-2017/projects/Resistor-Band-Picture-Creator/imageExport/res_430.gif
2017-06-30 16:23:35,459 test
2017-06-30 16:23:35,459 

2017-06-30 16:23:35,459 ('yellow', 'violet', 'black', 'black', 'gold')
2017-06-30 16:23:35,459 

2017-06-30 16:23:35,459 --------------------------------
Generated data for:
2017-06-30 16:23:35,459 |   Value|Tolerence|  Band 1|  Band 2|  Band 3|  Band 4|  Band 5|
2017-06-30 16:23:35,459 |     470|       4%|  yellow|  violet|   black|   black|    gold|
2017-06-30 16:23:35,528 Wrote file: I:/Doc_6-23-2017/projects/Resistor-Band-Picture-Creator/imageExport/res_470.gif
2017-06-30 16:23:35,529 test
2017-06-30 16:23:35,529 

2017-06-30 16:23:35,530 ('green', 'brown', 'black', 'black', 'gold')
2017-06-30 16:23:35,530 

2017-06-30 16:23:35,530 --------------------------------
Generated data for:
2017-06-30 16:23:35,530 |   Value|Tolerence|  Band 1|  Band 2|  Band 3|  Band 4|  Band 5|
2017-06-30 16:23:35,530 |     510|       4%|   green|   brown|   black|   black|    gold|
2017-06-30 16:23:35,619 Wrote file: I:/Doc_6-23-2017/projects/Resistor-Band-Picture-Creator/imageExport/res_510.gif
2017-06-30 16:23:35,619 test
2017-06-30 16:23:35,619 

2017-06-30 16:23:35,619 ('green', 'blue', 'black', 'black', 'gold')
2017-06-30 16:23:35,619 

2017-06-30 16:23:35,619 --------------------------------
Generated data for:
2017-06-30 16:23:35,620 |   Value|Tolerence|  Band 1|  Band 2|  Band 3|  Band 4|  Band 5|
2017-06-30 16:23:35,620 |     560|       4%|   green|    blue|   black|   black|    gold|
2017-06-30 16:23:35,699 Wrote file: I:/Doc_6-23-2017/projects/Resistor-Band-Picture-Creator/imageExport/res_560.gif
2017-06-30 16:23:35,699 test
2017-06-30 16:23:35,699 

2017-06-30 16:23:35,700 ('blue', 'red', 'black', 'black', 'gold')
2017-06-30 16:23:35,700 

2017-06-30 16:23:35,700 --------------------------------
Generated data for:
2017-06-30 16:23:35,700 |   Value|Tolerence|  Band 1|  Band 2|  Band 3|  Band 4|  Band 5|
2017-06-30 16:23:35,700 |     620|       4%|    blue|     red|   black|   black|    gold|
2017-06-30 16:23:35,779 Wrote file: I:/Doc_6-23-2017/projects/Resistor-Band-Picture-Creator/imageExport/res_620.gif
2017-06-30 16:23:35,780 test
2017-06-30 16:23:35,780 

2017-06-30 16:23:35,780 ('blue', 'grey', 'black', 'black', 'gold')
2017-06-30 16:23:35,780 

2017-06-30 16:23:35,780 --------------------------------
Generated data for:
2017-06-30 16:23:35,780 |   Value|Tolerence|  Band 1|  Band 2|  Band 3|  Band 4|  Band 5|
2017-06-30 16:23:35,780 |     680|       4%|    blue|    grey|   black|   black|    gold|
2017-06-30 16:23:35,850 Wrote file: I:/Doc_6-23-2017/projects/Resistor-Band-Picture-Creator/imageExport/res_680.gif
2017-06-30 16:23:35,850 test
2017-06-30 16:23:35,850 

2017-06-30 16:23:35,850 ('violet', 'green', 'black', 'black', 'gold')
2017-06-30 16:23:35,850 

2017-06-30 16:23:35,850 --------------------------------
Generated data for:
2017-06-30 16:23:35,851 |   Value|Tolerence|  Band 1|  Band 2|  Band 3|  Band 4|  Band 5|
2017-06-30 16:23:35,851 |     750|       4%|  violet|   green|   black|   black|    gold|
2017-06-30 16:23:35,910 Wrote file: I:/Doc_6-23-2017/projects/Resistor-Band-Picture-Creator/imageExport/res_750.gif
2017-06-30 16:23:35,910 test
2017-06-30 16:23:35,910 

2017-06-30 16:23:35,910 ('grey', 'red', 'black', 'black', 'gold')
2017-06-30 16:23:35,910 

2017-06-30 16:23:35,910 --------------------------------
Generated data for:
2017-06-30 16:23:35,911 |   Value|Tolerence|  Band 1|  Band 2|  Band 3|  Band 4|  Band 5|
2017-06-30 16:23:35,911 |     820|       4%|    grey|     red|   black|   black|    gold|
2017-06-30 16:23:35,990 Wrote file: I:/Doc_6-23-2017/projects/Resistor-Band-Picture-Creator/imageExport/res_820.gif
2017-06-30 16:23:35,990 test
2017-06-30 16:23:35,991 

2017-06-30 16:23:35,991 ('white', 'brown', 'black', 'black', 'gold')
2017-06-30 16:23:35,991 

2017-06-30 16:23:35,991 --------------------------------
Generated data for:
2017-06-30 16:23:35,991 |   Value|Tolerence|  Band 1|  Band 2|  Band 3|  Band 4|  Band 5|
2017-06-30 16:23:35,991 |     910|       4%|   white|   brown|   black|   black|    gold|
2017-06-30 16:23:36,070 Wrote file: I:/Doc_6-23-2017/projects/Resistor-Band-Picture-Creator/imageExport/res_910.gif
2017-06-30 16:23:36,071 ('brown', 'black', 'red', 'brown', 'none')
2017-06-30 16:23:36,071 

2017-06-30 16:23:36,071 --------------------------------
Generated data for:
2017-06-30 16:23:36,071 |   Value|Tolerence|  Band 1|  Band 2|  Band 3|  Band 4|  Band 5|
2017-06-30 16:23:36,071 |      1k|       4%|   brown|   black|     red|   brown|    none|
2017-06-30 16:23:36,151 Wrote file: I:/Doc_6-23-2017/projects/Resistor-Band-Picture-Creator/imageExport/res_1k.gif
2017-06-30 16:23:36,151 ('brown', 'black', 'red', 'gold', 'none')
2017-06-30 16:23:36,151 

2017-06-30 16:23:36,151 --------------------------------
Generated data for:
2017-06-30 16:23:36,151 |   Value|Tolerence|  Band 1|  Band 2|  Band 3|  Band 4|  Band 5|
2017-06-30 16:23:36,151 |      1k|       4%|   brown|   black|     red|    gold|    none|
2017-06-30 16:23:36,231 Wrote file: I:/Doc_6-23-2017/projects/Resistor-Band-Picture-Creator/imageExport/res_1k.gif
2017-06-30 16:23:36,231 ('brown', 'brown', 'red', 'gold', 'none')
2017-06-30 16:23:36,232 

2017-06-30 16:23:36,232 --------------------------------
Generated data for:
2017-06-30 16:23:36,232 |   Value|Tolerence|  Band 1|  Band 2|  Band 3|  Band 4|  Band 5|
2017-06-30 16:23:36,232 |    1.1k|       4%|   brown|   brown|     red|    gold|    none|
2017-06-30 16:23:36,302 Wrote file: I:/Doc_6-23-2017/projects/Resistor-Band-Picture-Creator/imageExport/res_1.1k.gif
2017-06-30 16:23:36,302 ('brown', 'red', 'red', 'gold', 'none')
2017-06-30 16:23:36,303 

2017-06-30 16:23:36,303 --------------------------------
Generated data for:
2017-06-30 16:23:36,303 |   Value|Tolerence|  Band 1|  Band 2|  Band 3|  Band 4|  Band 5|
2017-06-30 16:23:36,303 |    1.2k|       4%|   brown|     red|     red|    gold|    none|
2017-06-30 16:23:36,372 Wrote file: I:/Doc_6-23-2017/projects/Resistor-Band-Picture-Creator/imageExport/res_1.2k.gif
2017-06-30 16:23:36,373 ('brown', 'orange', 'red', 'gold', 'none')
2017-06-30 16:23:36,373 

2017-06-30 16:23:36,373 --------------------------------
Generated data for:
2017-06-30 16:23:36,374 |   Value|Tolerence|  Band 1|  Band 2|  Band 3|  Band 4|  Band 5|
2017-06-30 16:23:36,374 |    1.3k|       4%|   brown|  orange|     red|    gold|    none|
2017-06-30 16:23:36,443 Wrote file: I:/Doc_6-23-2017/projects/Resistor-Band-Picture-Creator/imageExport/res_1.3k.gif
2017-06-30 16:23:36,443 ('brown', 'green', 'red', 'gold', 'none')
2017-06-30 16:23:36,443 

2017-06-30 16:23:36,443 --------------------------------
Generated data for:
2017-06-30 16:23:36,443 |   Value|Tolerence|  Band 1|  Band 2|  Band 3|  Band 4|  Band 5|
2017-06-30 16:23:36,443 |    1.5k|       4%|   brown|   green|     red|    gold|    none|
2017-06-30 16:23:36,513 Wrote file: I:/Doc_6-23-2017/projects/Resistor-Band-Picture-Creator/imageExport/res_1.5k.gif
2017-06-30 16:23:36,513 ('brown', 'blue', 'red', 'gold', 'none')
2017-06-30 16:23:36,513 

2017-06-30 16:23:36,513 --------------------------------
Generated data for:
2017-06-30 16:23:36,513 |   Value|Tolerence|  Band 1|  Band 2|  Band 3|  Band 4|  Band 5|
2017-06-30 16:23:36,514 |    1.6k|       4%|   brown|    blue|     red|    gold|    none|
2017-06-30 16:23:36,593 Wrote file: I:/Doc_6-23-2017/projects/Resistor-Band-Picture-Creator/imageExport/res_1.6k.gif
2017-06-30 16:23:36,593 ('brown', 'grey', 'red', 'gold', 'none')
2017-06-30 16:23:36,593 

2017-06-30 16:23:36,594 --------------------------------
Generated data for:
2017-06-30 16:23:36,594 |   Value|Tolerence|  Band 1|  Band 2|  Band 3|  Band 4|  Band 5|
2017-06-30 16:23:36,594 |    1.8k|       4%|   brown|    grey|     red|    gold|    none|
2017-06-30 16:23:36,663 Wrote file: I:/Doc_6-23-2017/projects/Resistor-Band-Picture-Creator/imageExport/res_1.8k.gif
2017-06-30 16:23:36,664 ('red', 'black', 'gold', 'brown', 'none')
2017-06-30 16:23:36,664 

2017-06-30 16:23:36,664 --------------------------------
Generated data for:
2017-06-30 16:23:36,664 |   Value|Tolerence|  Band 1|  Band 2|  Band 3|  Band 4|  Band 5|
2017-06-30 16:23:36,664 |       2|       4%|     red|   black|    gold|   brown|    none|
2017-06-30 16:23:36,723 Wrote file: I:/Doc_6-23-2017/projects/Resistor-Band-Picture-Creator/imageExport/res_2.gif
2017-06-30 16:23:36,724 ('red', 'black', 'red', 'gold', 'none')
2017-06-30 16:23:36,724 

2017-06-30 16:23:36,724 --------------------------------
Generated data for:
2017-06-30 16:23:36,724 |   Value|Tolerence|  Band 1|  Band 2|  Band 3|  Band 4|  Band 5|
2017-06-30 16:23:36,724 |    2.0k|       4%|     red|   black|     red|    gold|    none|
2017-06-30 16:23:36,804 Wrote file: I:/Doc_6-23-2017/projects/Resistor-Band-Picture-Creator/imageExport/res_2.0k.gif
2017-06-30 16:23:36,804 ('red', 'red', 'red', 'gold', 'none')
2017-06-30 16:23:36,804 

2017-06-30 16:23:36,804 --------------------------------
Generated data for:
2017-06-30 16:23:36,804 |   Value|Tolerence|  Band 1|  Band 2|  Band 3|  Band 4|  Band 5|
2017-06-30 16:23:36,805 |    2.2k|       4%|     red|     red|     red|    gold|    none|
2017-06-30 16:23:36,874 Wrote file: I:/Doc_6-23-2017/projects/Resistor-Band-Picture-Creator/imageExport/res_2.2k.gif
2017-06-30 16:23:36,874 ('red', 'red', 'red', 'gold', 'none')
2017-06-30 16:23:36,875 

2017-06-30 16:23:36,875 --------------------------------
Generated data for:
2017-06-30 16:23:36,875 |   Value|Tolerence|  Band 1|  Band 2|  Band 3|  Band 4|  Band 5|
2017-06-30 16:23:36,875 |    2.2k|       4%|     red|     red|     red|    gold|    none|
2017-06-30 16:23:36,944 Wrote file: I:/Doc_6-23-2017/projects/Resistor-Band-Picture-Creator/imageExport/res_2.2k.gif
2017-06-30 16:23:36,945 ('red', 'yellow', 'red', 'gold', 'none')
2017-06-30 16:23:36,945 

2017-06-30 16:23:36,945 --------------------------------
Generated data for:
2017-06-30 16:23:36,945 |   Value|Tolerence|  Band 1|  Band 2|  Band 3|  Band 4|  Band 5|
2017-06-30 16:23:36,945 |    2.4k|       4%|     red|  yellow|     red|    gold|    none|
2017-06-30 16:23:37,004 Wrote file: I:/Doc_6-23-2017/projects/Resistor-Band-Picture-Creator/imageExport/res_2.4k.gif
2017-06-30 16:23:37,005 ('red', 'violet', 'red', 'gold', 'none')
2017-06-30 16:23:37,005 

2017-06-30 16:23:37,005 --------------------------------
Generated data for:
2017-06-30 16:23:37,005 |   Value|Tolerence|  Band 1|  Band 2|  Band 3|  Band 4|  Band 5|
2017-06-30 16:23:37,005 |    2.7k|       4%|     red|  violet|     red|    gold|    none|
2017-06-30 16:23:37,075 Wrote file: I:/Doc_6-23-2017/projects/Resistor-Band-Picture-Creator/imageExport/res_2.7k.gif
2017-06-30 16:23:37,075 ('orange', 'black', 'red', 'gold', 'none')
2017-06-30 16:23:37,075 

2017-06-30 16:23:37,075 --------------------------------
Generated data for:
2017-06-30 16:23:37,075 |   Value|Tolerence|  Band 1|  Band 2|  Band 3|  Band 4|  Band 5|
2017-06-30 16:23:37,075 |    3.0k|       4%|  orange|   black|     red|    gold|    none|
2017-06-30 16:23:37,266 Wrote file: I:/Doc_6-23-2017/projects/Resistor-Band-Picture-Creator/imageExport/res_3.0k.gif
2017-06-30 16:23:37,266 ('orange', 'red', 'red', 'gold', 'none')
2017-06-30 16:23:37,266 

2017-06-30 16:23:37,266 --------------------------------
Generated data for:
2017-06-30 16:23:37,266 |   Value|Tolerence|  Band 1|  Band 2|  Band 3|  Band 4|  Band 5|
2017-06-30 16:23:37,266 |    3.2k|       4%|  orange|     red|     red|    gold|    none|
2017-06-30 16:23:37,396 Wrote file: I:/Doc_6-23-2017/projects/Resistor-Band-Picture-Creator/imageExport/res_3.2k.gif
2017-06-30 16:23:37,396 ('orange', 'orange', 'red', 'gold', 'none')
2017-06-30 16:23:37,396 

2017-06-30 16:23:37,397 --------------------------------
Generated data for:
2017-06-30 16:23:37,397 |   Value|Tolerence|  Band 1|  Band 2|  Band 3|  Band 4|  Band 5|
2017-06-30 16:23:37,397 |    3.3k|       4%|  orange|  orange|     red|    gold|    none|
2017-06-30 16:23:37,516 Wrote file: I:/Doc_6-23-2017/projects/Resistor-Band-Picture-Creator/imageExport/res_3.3k.gif
2017-06-30 16:23:37,517 ('orange', 'blue', 'red', 'gold', 'none')
2017-06-30 16:23:37,517 

2017-06-30 16:23:37,517 --------------------------------
Generated data for:
2017-06-30 16:23:37,517 |   Value|Tolerence|  Band 1|  Band 2|  Band 3|  Band 4|  Band 5|
2017-06-30 16:23:37,518 |    3.6k|       4%|  orange|    blue|     red|    gold|    none|
2017-06-30 16:23:37,593 Wrote file: I:/Doc_6-23-2017/projects/Resistor-Band-Picture-Creator/imageExport/res_3.6k.gif
2017-06-30 16:23:37,593 ('orange', 'blue', 'red', 'gold', 'none')
2017-06-30 16:23:37,594 

2017-06-30 16:23:37,594 --------------------------------
Generated data for:
2017-06-30 16:23:37,594 |   Value|Tolerence|  Band 1|  Band 2|  Band 3|  Band 4|  Band 5|
2017-06-30 16:23:37,594 |    3.6k|       4%|  orange|    blue|     red|    gold|    none|
2017-06-30 16:23:37,687 Wrote file: I:/Doc_6-23-2017/projects/Resistor-Band-Picture-Creator/imageExport/res_3.6k.gif
2017-06-30 16:23:37,687 ('orange', 'white', 'red', 'gold', 'none')
2017-06-30 16:23:37,687 

2017-06-30 16:23:37,687 --------------------------------
Generated data for:
2017-06-30 16:23:37,688 |   Value|Tolerence|  Band 1|  Band 2|  Band 3|  Band 4|  Band 5|
2017-06-30 16:23:37,688 |    3.9k|       4%|  orange|   white|     red|    gold|    none|
2017-06-30 16:23:37,757 Wrote file: I:/Doc_6-23-2017/projects/Resistor-Band-Picture-Creator/imageExport/res_3.9k.gif
2017-06-30 16:23:37,757 ('yellow', 'orange', 'red', 'gold', 'none')
2017-06-30 16:23:37,757 

2017-06-30 16:23:37,757 --------------------------------
Generated data for:
2017-06-30 16:23:37,757 |   Value|Tolerence|  Band 1|  Band 2|  Band 3|  Band 4|  Band 5|
2017-06-30 16:23:37,758 |    4.3k|       4%|  yellow|  orange|     red|    gold|    none|
2017-06-30 16:23:37,817 Wrote file: I:/Doc_6-23-2017/projects/Resistor-Band-Picture-Creator/imageExport/res_4.3k.gif
2017-06-30 16:23:37,817 ('yellow', 'orange', 'red', 'gold', 'none')
2017-06-30 16:23:37,818 

2017-06-30 16:23:37,818 --------------------------------
Generated data for:
2017-06-30 16:23:37,818 |   Value|Tolerence|  Band 1|  Band 2|  Band 3|  Band 4|  Band 5|
2017-06-30 16:23:37,818 |    4.3k|       4%|  yellow|  orange|     red|    gold|    none|
2017-06-30 16:23:37,948 Wrote file: I:/Doc_6-23-2017/projects/Resistor-Band-Picture-Creator/imageExport/res_4.3k.gif
2017-06-30 16:23:37,948 ('yellow', 'violet', 'red', 'gold', 'none')
2017-06-30 16:23:37,948 

2017-06-30 16:23:37,948 --------------------------------
Generated data for:
2017-06-30 16:23:37,948 |   Value|Tolerence|  Band 1|  Band 2|  Band 3|  Band 4|  Band 5|
2017-06-30 16:23:37,948 |    4.7k|       4%|  yellow|  violet|     red|    gold|    none|
2017-06-30 16:23:38,088 Wrote file: I:/Doc_6-23-2017/projects/Resistor-Band-Picture-Creator/imageExport/res_4.7k.gif
2017-06-30 16:23:38,088 ('green', 'brown', 'red', 'gold', 'none')
2017-06-30 16:23:38,088 

2017-06-30 16:23:38,088 --------------------------------
Generated data for:
2017-06-30 16:23:38,089 |   Value|Tolerence|  Band 1|  Band 2|  Band 3|  Band 4|  Band 5|
2017-06-30 16:23:38,089 |    5.1k|       4%|   green|   brown|     red|    gold|    none|
2017-06-30 16:23:38,219 Wrote file: I:/Doc_6-23-2017/projects/Resistor-Band-Picture-Creator/imageExport/res_5.1k.gif
2017-06-30 16:23:38,219 ('green', 'blue', 'red', 'gold', 'none')
2017-06-30 16:23:38,219 

2017-06-30 16:23:38,219 --------------------------------
Generated data for:
2017-06-30 16:23:38,219 |   Value|Tolerence|  Band 1|  Band 2|  Band 3|  Band 4|  Band 5|
2017-06-30 16:23:38,220 |    5.6k|       4%|   green|    blue|     red|    gold|    none|
2017-06-30 16:23:38,329 Wrote file: I:/Doc_6-23-2017/projects/Resistor-Band-Picture-Creator/imageExport/res_5.6k.gif
2017-06-30 16:23:38,329 ('blue', 'red', 'red', 'gold', 'none')
2017-06-30 16:23:38,330 

2017-06-30 16:23:38,330 --------------------------------
Generated data for:
2017-06-30 16:23:38,330 |   Value|Tolerence|  Band 1|  Band 2|  Band 3|  Band 4|  Band 5|
2017-06-30 16:23:38,330 |    6.2k|       4%|    blue|     red|     red|    gold|    none|
2017-06-30 16:23:38,419 Wrote file: I:/Doc_6-23-2017/projects/Resistor-Band-Picture-Creator/imageExport/res_6.2k.gif
2017-06-30 16:23:38,420 ('blue', 'grey', 'red', 'gold', 'none')
2017-06-30 16:23:38,420 

2017-06-30 16:23:38,420 --------------------------------
Generated data for:
2017-06-30 16:23:38,420 |   Value|Tolerence|  Band 1|  Band 2|  Band 3|  Band 4|  Band 5|
2017-06-30 16:23:38,420 |    6.8k|       4%|    blue|    grey|     red|    gold|    none|
2017-06-30 16:23:38,509 Wrote file: I:/Doc_6-23-2017/projects/Resistor-Band-Picture-Creator/imageExport/res_6.8k.gif
2017-06-30 16:23:38,511 ('violet', 'green', 'red', 'gold', 'none')
2017-06-30 16:23:38,511 

2017-06-30 16:23:38,511 --------------------------------
Generated data for:
2017-06-30 16:23:38,511 |   Value|Tolerence|  Band 1|  Band 2|  Band 3|  Band 4|  Band 5|
2017-06-30 16:23:38,511 |    7.5k|       4%|  violet|   green|     red|    gold|    none|
2017-06-30 16:23:38,581 Wrote file: I:/Doc_6-23-2017/projects/Resistor-Band-Picture-Creator/imageExport/res_7.5k.gif
2017-06-30 16:23:38,581 ('grey', 'red', 'red', 'gold', 'none')
2017-06-30 16:23:38,581 

2017-06-30 16:23:38,581 --------------------------------
Generated data for:
2017-06-30 16:23:38,581 |   Value|Tolerence|  Band 1|  Band 2|  Band 3|  Band 4|  Band 5|
2017-06-30 16:23:38,581 |    8.2k|       4%|    grey|     red|     red|    gold|    none|
2017-06-30 16:23:38,691 Wrote file: I:/Doc_6-23-2017/projects/Resistor-Band-Picture-Creator/imageExport/res_8.2k.gif
2017-06-30 16:23:38,692 ('white', 'brown', 'red', 'gold', 'none')
2017-06-30 16:23:38,692 

2017-06-30 16:23:38,692 --------------------------------
Generated data for:
2017-06-30 16:23:38,692 |   Value|Tolerence|  Band 1|  Band 2|  Band 3|  Band 4|  Band 5|
2017-06-30 16:23:38,692 |    9.1k|       4%|   white|   brown|     red|    gold|    none|
2017-06-30 16:23:38,761 Wrote file: I:/Doc_6-23-2017/projects/Resistor-Band-Picture-Creator/imageExport/res_9.1k.gif
2017-06-30 16:23:38,762 test
2017-06-30 16:23:38,762 

2017-06-30 16:23:38,762 ('brown', 'black', 'orange', 'brown', 'none')
2017-06-30 16:23:38,762 

2017-06-30 16:23:38,762 --------------------------------
Generated data for:
2017-06-30 16:23:38,762 |   Value|Tolerence|  Band 1|  Band 2|  Band 3|  Band 4|  Band 5|
2017-06-30 16:23:38,763 |     10k|       4%|   brown|   black|  orange|   brown|    none|
2017-06-30 16:23:38,851 Wrote file: I:/Doc_6-23-2017/projects/Resistor-Band-Picture-Creator/imageExport/res_10k.gif
2017-06-30 16:23:38,852 test
2017-06-30 16:23:38,852 

2017-06-30 16:23:38,852 ('brown', 'black', 'orange', 'gold', 'none')
2017-06-30 16:23:38,852 

2017-06-30 16:23:38,852 --------------------------------
Generated data for:
2017-06-30 16:23:38,852 |   Value|Tolerence|  Band 1|  Band 2|  Band 3|  Band 4|  Band 5|
2017-06-30 16:23:38,853 |   10.0k|       4%|   brown|   black|  orange|    gold|    none|
2017-06-30 16:23:38,962 Wrote file: I:/Doc_6-23-2017/projects/Resistor-Band-Picture-Creator/imageExport/res_10.0k.gif
2017-06-30 16:23:38,962 test
2017-06-30 16:23:38,963 

2017-06-30 16:23:38,963 ('brown', 'black', 'orange', 'gold', 'none')
2017-06-30 16:23:38,963 

2017-06-30 16:23:38,963 --------------------------------
Generated data for:
2017-06-30 16:23:38,963 |   Value|Tolerence|  Band 1|  Band 2|  Band 3|  Band 4|  Band 5|
2017-06-30 16:23:38,963 |   10.0k|       4%|   brown|   black|  orange|    gold|    none|
2017-06-30 16:23:39,052 Wrote file: I:/Doc_6-23-2017/projects/Resistor-Band-Picture-Creator/imageExport/res_10.0k.gif
2017-06-30 16:23:39,053 test
2017-06-30 16:23:39,053 

2017-06-30 16:23:39,053 ('brown', 'brown', 'orange', 'gold', 'none')
2017-06-30 16:23:39,053 

2017-06-30 16:23:39,053 --------------------------------
Generated data for:
2017-06-30 16:23:39,054 |   Value|Tolerence|  Band 1|  Band 2|  Band 3|  Band 4|  Band 5|
2017-06-30 16:23:39,054 |   11.0k|       4%|   brown|   brown|  orange|    gold|    none|
2017-06-30 16:23:39,173 Wrote file: I:/Doc_6-23-2017/projects/Resistor-Band-Picture-Creator/imageExport/res_11.0k.gif
2017-06-30 16:23:39,173 test
2017-06-30 16:23:39,173 

2017-06-30 16:23:39,173 ('brown', 'red', 'orange', 'gold', 'none')
2017-06-30 16:23:39,173 

2017-06-30 16:23:39,173 --------------------------------
Generated data for:
2017-06-30 16:23:39,174 |   Value|Tolerence|  Band 1|  Band 2|  Band 3|  Band 4|  Band 5|
2017-06-30 16:23:39,174 |   12.0k|       4%|   brown|     red|  orange|    gold|    none|
2017-06-30 16:23:39,233 Wrote file: I:/Doc_6-23-2017/projects/Resistor-Band-Picture-Creator/imageExport/res_12.0k.gif
2017-06-30 16:23:39,233 test
2017-06-30 16:23:39,233 

2017-06-30 16:23:39,234 ('brown', 'orange', 'orange', 'gold', 'none')
2017-06-30 16:23:39,234 

2017-06-30 16:23:39,234 --------------------------------
Generated data for:
2017-06-30 16:23:39,234 |   Value|Tolerence|  Band 1|  Band 2|  Band 3|  Band 4|  Band 5|
2017-06-30 16:23:39,234 |   13.0k|       4%|   brown|  orange|  orange|    gold|    none|
2017-06-30 16:23:39,303 Wrote file: I:/Doc_6-23-2017/projects/Resistor-Band-Picture-Creator/imageExport/res_13.0k.gif
2017-06-30 16:23:39,303 test
2017-06-30 16:23:39,303 

2017-06-30 16:23:39,303 ('brown', 'green', 'orange', 'gold', 'none')
2017-06-30 16:23:39,304 

2017-06-30 16:23:39,304 --------------------------------
Generated data for:
2017-06-30 16:23:39,304 |   Value|Tolerence|  Band 1|  Band 2|  Band 3|  Band 4|  Band 5|
2017-06-30 16:23:39,304 |   15.0k|       4%|   brown|   green|  orange|    gold|    none|
2017-06-30 16:23:39,383 Wrote file: I:/Doc_6-23-2017/projects/Resistor-Band-Picture-Creator/imageExport/res_15.0k.gif
2017-06-30 16:23:39,384 test
2017-06-30 16:23:39,384 

2017-06-30 16:23:39,384 ('brown', 'blue', 'orange', 'gold', 'none')
2017-06-30 16:23:39,384 

2017-06-30 16:23:39,384 --------------------------------
Generated data for:
2017-06-30 16:23:39,385 |   Value|Tolerence|  Band 1|  Band 2|  Band 3|  Band 4|  Band 5|
2017-06-30 16:23:39,385 |   16.0k|       4%|   brown|    blue|  orange|    gold|    none|
2017-06-30 16:23:39,443 Wrote file: I:/Doc_6-23-2017/projects/Resistor-Band-Picture-Creator/imageExport/res_16.0k.gif
2017-06-30 16:23:39,444 test
2017-06-30 16:23:39,444 

2017-06-30 16:23:39,444 ('brown', 'grey', 'orange', 'gold', 'none')
2017-06-30 16:23:39,444 

2017-06-30 16:23:39,444 --------------------------------
Generated data for:
2017-06-30 16:23:39,444 |   Value|Tolerence|  Band 1|  Band 2|  Band 3|  Band 4|  Band 5|
2017-06-30 16:23:39,445 |   18.0k|       4%|   brown|    grey|  orange|    gold|    none|
2017-06-30 16:23:39,504 Wrote file: I:/Doc_6-23-2017/projects/Resistor-Band-Picture-Creator/imageExport/res_18.0k.gif
2017-06-30 16:23:39,504 test
2017-06-30 16:23:39,504 

2017-06-30 16:23:39,504 ('red', 'black', 'orange', 'gold', 'none')
2017-06-30 16:23:39,504 

2017-06-30 16:23:39,504 --------------------------------
Generated data for:
2017-06-30 16:23:39,505 |   Value|Tolerence|  Band 1|  Band 2|  Band 3|  Band 4|  Band 5|
2017-06-30 16:23:39,505 |   20.0k|       4%|     red|   black|  orange|    gold|    none|
2017-06-30 16:23:39,574 Wrote file: I:/Doc_6-23-2017/projects/Resistor-Band-Picture-Creator/imageExport/res_20.0k.gif
2017-06-30 16:23:39,574 test
2017-06-30 16:23:39,574 

2017-06-30 16:23:39,574 ('red', 'red', 'orange', 'gold', 'none')
2017-06-30 16:23:39,575 

2017-06-30 16:23:39,575 --------------------------------
Generated data for:
2017-06-30 16:23:39,575 |   Value|Tolerence|  Band 1|  Band 2|  Band 3|  Band 4|  Band 5|
2017-06-30 16:23:39,575 |   22.0k|       4%|     red|     red|  orange|    gold|    none|
2017-06-30 16:23:39,634 Wrote file: I:/Doc_6-23-2017/projects/Resistor-Band-Picture-Creator/imageExport/res_22.0k.gif
2017-06-30 16:23:39,634 test
2017-06-30 16:23:39,635 

2017-06-30 16:23:39,635 ('red', 'yellow', 'orange', 'gold', 'none')
2017-06-30 16:23:39,635 

2017-06-30 16:23:39,635 --------------------------------
Generated data for:
2017-06-30 16:23:39,635 |   Value|Tolerence|  Band 1|  Band 2|  Band 3|  Band 4|  Band 5|
2017-06-30 16:23:39,635 |   24.0k|       4%|     red|  yellow|  orange|    gold|    none|
2017-06-30 16:23:39,705 Wrote file: I:/Doc_6-23-2017/projects/Resistor-Band-Picture-Creator/imageExport/res_24.0k.gif
2017-06-30 16:23:39,705 test
2017-06-30 16:23:39,705 

2017-06-30 16:23:39,705 ('red', 'violet', 'orange', 'gold', 'none')
2017-06-30 16:23:39,706 

2017-06-30 16:23:39,706 --------------------------------
Generated data for:
2017-06-30 16:23:39,706 |   Value|Tolerence|  Band 1|  Band 2|  Band 3|  Band 4|  Band 5|
2017-06-30 16:23:39,706 |   27.0k|       4%|     red|  violet|  orange|    gold|    none|
2017-06-30 16:23:39,775 Wrote file: I:/Doc_6-23-2017/projects/Resistor-Band-Picture-Creator/imageExport/res_27.0k.gif
2017-06-30 16:23:39,775 test
2017-06-30 16:23:39,775 

2017-06-30 16:23:39,775 ('red', 'violet', 'orange', 'gold', 'none')
2017-06-30 16:23:39,775 

2017-06-30 16:23:39,775 --------------------------------
Generated data for:
2017-06-30 16:23:39,776 |   Value|Tolerence|  Band 1|  Band 2|  Band 3|  Band 4|  Band 5|
2017-06-30 16:23:39,776 |   27.0k|       4%|     red|  violet|  orange|    gold|    none|
2017-06-30 16:23:39,845 Wrote file: I:/Doc_6-23-2017/projects/Resistor-Band-Picture-Creator/imageExport/res_27.0k.gif
2017-06-30 16:23:39,845 --------------------------------

2017-06-30 16:23:39,845 Done

2017-06-30 16:23:39,846 --------------------------------

